629:2pip install --ignore-installed 'patsy>=0.1.0'
 in dir /home/buildslave/nd-bb-slave-sparc-wheezy/statsmodels-py2_x-wheezy-sparc/build (timeout 1200 secs)
 watching logfiles {}
 argv: ['pip', 'install', '--ignore-installed', 'patsy>=0.1.0']
 environment:
  HOME=/home/buildslave
  LOGNAME=buildslave
  MAIL=/var/mail/buildslave
  PATH=/home/buildslave/nd-bb-slave-sparc-wheezy/statsmodels-py2_x-wheezy-sparc/build/venv/bin:/usr/local/bin:/usr/bin:/bin:/usr/local/games:/usr/games
  PWD=/home/buildslave/nd-bb-slave-sparc-wheezy/statsmodels-py2_x-wheezy-sparc/build
  SHELL=/bin/sh
  TERM=linux
  USER=buildslave
 using PTY: False
,10001:0Downloading/unpacking patsy>=0.1.0
  Running setup.py egg_info for package patsy
    
    no previously-included directories found matching 'doc/_build'
Downloading/unpacking numpy (from patsy>=0.1.0)
  Running setup.py egg_info for package numpy
    Running from numpy source directory.
    /bin/sh: 1: svnversion: not found
    non-existing path in 'numpy/distutils': 'site.cfg'
    F2PY Version 2
    blas_opt_info:
    blas_mkl_info:
      libraries mkl,vml,guide not found in ['/home/buildslave/nd-bb-slave-sparc-wheezy/statsmodels-py2_x-wheezy-sparc/build/venv/lib', '/usr/local/lib', '/usr/lib', '/usr/lib/sparc-linux-gnu']
      NOT AVAILABLE
    
    atlas_blas_threads_info:
    Setting PTATLAS=ATLAS
      libraries ptf77blas,ptcblas,atlas not found in ['/home/buildslave/nd-bb-slave-sparc-wheezy/statsmodels-py2_x-wheezy-sparc/build/venv/lib', '/usr/local/lib', '/usr/lib/atlas-base', '/usr/lib', '/usr/lib/sparc-linux-gnu']
      NOT AVAILABLE
    
    atlas_blas_info:
      libraries f77blas,cblas,atlas not found in ['/home/buildslave/nd-bb-slave-sparc-wheezy/statsmodels-py2_x-wheezy-sparc/build/venv/lib', '/usr/local/lib', '/usr/lib/atlas-base', '/usr/lib', '/usr/lib/sparc-linux-gnu']
      NOT AVAILABLE
    
    /home/buildslave/nd-bb-slave-sparc-wheezy/statsmodels-py2_x-wheezy-sparc/build/venv/build/numpy/numpy/distutils/system_info.py:1494: UserWarning:
        Atlas (http://math-atlas.sourceforge.net/) libraries not found.
        Directories to search for the libraries can be specified in the
        numpy/distutils/site.cfg file (section [atlas]) or by setting
        the ATLAS environment variable.
      warnings.warn(AtlasNotFoundError.__doc__)
    blas_info:
      FOUND:
        libraries = ['blas']
        library_dirs = ['/usr/lib']
        language = f77
    
      FOUND:
        libraries = ['blas']
        library_dirs = ['/usr/lib']
        define_macros = [('NO_ATLAS_INFO', 1)]
        language = f77
    
    /bin/sh: 1: svnversion: not found
    lapack_opt_info:
    lapack_mkl_info:
    mkl_info:
      libraries mkl,vml,guide not found in ['/home/buildslave/nd-bb-slave-sparc-wheezy/statsmodels-py2_x-wheezy-sparc/build/venv/lib', '/usr/local/lib', '/usr/lib', '/usr/lib/sparc-linux-gnu']
      NOT AVAILABLE
    
      NOT AVAILABLE
    
    atlas_threads_info:
    Setting PTATLAS=ATLAS
      libraries ptf77blas,ptcblas,atlas not found in /home/buildslave/nd-bb-slave-sparc-wheezy/statsmodels-py2_x-wheezy-sparc/build/venv/lib
      libraries lapack_atlas not found in /home/buildslave/nd-bb-slave-sparc-wheezy/statsmodels-py2_x-wheezy-sparc/build/venv/lib
      libraries ptf77blas,ptcblas,atlas not found in /usr/local/lib
      libraries lapack_atlas not found in /usr/local/lib
      libraries ptf77blas,ptcblas,atlas not found in /usr/lib/atlas-base
      libraries lapack_atlas not found in /usr/lib/atlas-base
      libraries ptf77blas,ptcblas,atlas not found in /usr/lib
      libraries lapack_atlas not found in /usr/lib
      libraries ptf77blas,ptcblas,atlas not found in /usr/lib/sparc-linux-gnu
      libraries lapack_atlas not found in /usr/lib/sparc-linux-gnu
    numpy.distutils.system_info.atlas_threads_info
      NOT AVAILABLE
    
    atlas_info:
      libraries f77blas,cblas,atlas not found in /home/buildslave/nd-bb-slave-sparc-wheezy/statsmodels-py2_x-wheezy-sparc/build/venv/lib
      libraries lapack_atlas not found in /home/buildslave/nd-bb-slave-sparc-wheezy/statsmodels-py2_x-wheezy-sparc/build/venv/lib
      libraries f77blas,cblas,atlas not found in /usr/local/lib
      libraries lapack_atlas not found in /usr/local/lib
      libraries f77blas,cblas,atlas not found in /usr/lib/atlas-base
      libraries lapack_atlas not found in /usr/lib/atlas-base
      libraries f77blas,cblas,atlas not found in /usr/lib
      libraries lapack_atlas not found in /usr/lib
      libraries f77blas,cblas,atlas not found in /usr/lib/sparc-linux-gnu
      libraries lapack_atlas not found in /usr/lib/sparc-linux-gnu
    numpy.distutils.system_info.atlas_info
      NOT AVAILABLE
    
    /home/buildslave/nd-bb-slave-sparc-wheezy/statsmodels-py2_x-wheezy-sparc/build/venv/build/numpy/numpy/distutils/system_info.py:1408: UserWarning:
        Atlas (http://math-atlas.sourceforge.net/) libraries not found.
        Directories to search for the libraries can be specified in the
        numpy/distutils/site.cfg file (section [atlas]) or by setting
        the ATLAS environment variable.
      warnings.warn(AtlasNotFoundError.__doc__)
    lapack_info:
      FOUND:
        libraries = ['lapack']
        library_dirs = ['/usr/lib']
        language = f77
    
      FOUND:
        libraries = ['lapack', 'blas']
        library_dirs = ['/usr/lib']
        define_macros = [('NO_ATLAS_INFO', 1)]
        language = f77
    
    build_src
    building py_modules sources
    building library "npymath" sources
    customize Gnu95FCompiler
    Found executable /usr/bin/gfortran
    customize Gnu95FCompiler
    customize Gnu95FCompiler using config
    C compiler: gcc -pthread -fno-strict-aliasing -DNDEBUG -g -fwrapv -O2 -Wall -Wstrict-prototypes -fPIC
    
    compile options: '-Inumpy/core/src/private -Inumpy/core/src -Inumpy/core -Inumpy/core/src/npymath -Inumpy/core/src/multiarray -Inumpy/core/src/umath -Inumpy/core/src/npysort -Inumpy/core/include -I/usr/include/python2.7 -c'
    gcc: _configtest.c
    gcc -pthread _configtest.o -o _configtest
    success!
    removing: _configtest.c _configtest.o _configtest
    C compiler: gcc -pthread -fno-strict-aliasing -DNDEBUG -g -fwrapv -O2 -Wall -Wstrict-prototypes -fPIC
    
    compile options: '-Inumpy/core/src/private -Inumpy/core/src -Inumpy/core -Inumpy/core/src/npymath -Inumpy/core/src/multiarray -Inumpy/core/src/umath -Inumpy/core/src/npysort -Inumpy/core/include -I/usr/include/python2.7 -c'
    gcc: _configtest.c
    _configtest.c:1:5: warning: conflicting types for built-in function 'exp' [enabled by default]
    gcc -pthread _configtest.o -o _configtest
    _configtest.o: In function `main':
    /home/buildslave/nd-bb-slave-sparc-wheezy/statsmodels-py2_x-wheezy-sparc/build/venv/build/numpy/_configtest.c:6: undefined reference to `exp'
    collect2: ld returned 1 exit status
    _configtest.o: In function `main':
    /home/buildslave/nd-bb-slave-sparc-wheezy/statsmodels-py2_x-wheezy-sparc/build/venv/build/numpy/_configtest.c:6: undefined reference to `exp'
    collect2: ld returned 1 exit status
    failure.
    removing: _configtest.c _configtest.o
    C compiler: gcc -pthread -fno-strict-aliasing -DNDEBUG -g -fwrapv -O2 -Wall -Wstrict-prototypes -fPIC
    
    compile options: '-Inumpy/core/src/private -Inumpy/core/src -Inumpy/core -Inumpy/core/src/npymath -Inumpy/core/src/multiarray -Inumpy/core/src/umath -Inumpy/core/src/npysort -Inumpy/core/include -I/usr/include/python2.7 -c'
    gcc: _configtest.c
    _configtest.c:1:5: warning: conflicting types for built-in function 'exp' [enabled by default]
    gcc -pthread _configtest.o -lm -o _configtest
    success!
    removing: _configtest.c _configtest.o _configtest
    conv_template:> build/src.linux-sparc64-2.7/numpy/core/src/npymath/npy_math.c
    conv_template:> build/src.linux-sparc64-2.7/numpy/core/src/npymath/ieee754.c
    conv_template:> build/src.linux-sparc64-2.7/numpy/core/src/npymath/npy_math_complex.c
    building library "npysort" sources
    conv_template:> build/src.linux-sparc64-2.7/numpy/core/src/npysort/quicksort.c
    conv_template:> build/src.linux-sparc64-2.7/numpy/core/src/npysort/mergesort.c
    conv_template:> build/src.linux-sparc64-2.7/numpy/core/src/npysort/heapsort.c
    building extension "numpy.core._dummy" sources
    Generating build/src.linux-sparc64-2.7/numpy/core/include/numpy/config.h
    C compiler: gcc -pthread -fno-strict-aliasing -DNDEBUG -g -fwrapv -O2 -Wall -Wstrict-prototypes -fPIC
    
    compile options: '-Inumpy/core/src/private -Inumpy/core/src -Inumpy/core -Inumpy/core/src/npymath -Inumpy/core/src/multiarray -Inumpy/core/src/umath -Inumpy/core/src/npysort -Inumpy/core/include -I/usr/include/python2.7 -c'
    gcc: _configtest.c
    success!
    removing: _configtest.c _configtest.o
    C compiler: gcc -pthread -fno-strict-aliasing -DNDEBUG -g -fwrapv -O2 -Wall -Wstrict-prototypes -fPIC
    
    compile options: '-Inumpy/core/src/private -Inumpy/core/src -Inumpy/core -Inumpy/core/src/npymath -Inumpy/core/src/multiarray -Inumpy/core/src/umath -Inumpy/core/src/npysort -Inumpy/core/include -I/usr/include/python2.7 -c'
    gcc: _configtest.c
    success!
    removing: _configtest.c _configtest.o
    C compiler: gcc -pthread -fno-strict-aliasing -DNDEBUG -g -fwrapv -O2 -Wall -Wstrict-prototypes -fPIC
    
    compile options: '-Inumpy/core/src/private -Inumpy/core/src -Inumpy/core -Inumpy/core/src/npymath -Inumpy/core/src/multiarray -Inumpy/core/src/umath -Inumpy/core/src/npysort -Inumpy/core/include -I/usr/include/python2.7 -c'
    gcc: _configtest.c
    _configtest.c:4:5: warning: function declaration isn't a prototype [-Wstrict-prototypes]
    success!
    removing: _configtest.c _configtest.o
    C compiler: gcc -pthread -fno-strict-aliasing -DNDEBUG -g -fwrapv -O2 -Wall -Wstrict-prototypes -fPIC
    
    compile options: '-Inumpy/core/src/private -Inumpy/core/src -Inumpy/core -Inumpy/core/src/npymath -Inumpy/core/src/multiarray -Inumpy/core/src/umath -Inumpy/core/src/npysort -Inumpy/core/include -I/usr/include/python2.7 -c'
    gcc: _configtest.c
    _configtest.c:4:5: warning: function declaration isn't a prototype [-Wstrict-prototypes]
    success!
    removing: _configtest.c _configtest.o
    C compiler: gcc -pthread -fno-strict-aliasing -DNDEBUG -g -fwrapv -O2 -Wall -Wstrict-prototypes -fPIC
    
    compile options: '-Inumpy/core/src/private -Inumpy/core/src -Inumpy/core -Inumpy/core/src/npymath -Inumpy/core/src/multiarray -Inumpy/core/src/umath -Inumpy/core/src/npysort -Inumpy/core/include -I/usr/include/python2.7 -c'
    gcc: _configtest.c
    _configtest.c:4:5: war,6385:0ning: function declaration isn't a prototype [-Wstrict-prototypes]
    success!
    removing: _configtest.c _configtest.o
    C compiler: gcc -pthread -fno-strict-aliasing -DNDEBUG -g -fwrapv -O2 -Wall -Wstrict-prototypes -fPIC
    
    compile options: '-Inumpy/core/src/private -Inumpy/core/src -Inumpy/core -Inumpy/core/src/npymath -Inumpy/core/src/multiarray -Inumpy/core/src/umath -Inumpy/core/src/npysort -Inumpy/core/include -I/usr/include/python2.7 -c'
    gcc: _configtest.c
    _configtest.c:4:5: warning: function declaration isn't a prototype [-Wstrict-prototypes]
    success!
    removing: _configtest.c _configtest.o
    C compiler: gcc -pthread -fno-strict-aliasing -DNDEBUG -g -fwrapv -O2 -Wall -Wstrict-prototypes -fPIC
    
    compile options: '-Inumpy/core/src/private -Inumpy/core/src -Inumpy/core -Inumpy/core/src/npymath -Inumpy/core/src/multiarray -Inumpy/core/src/umath -Inumpy/core/src/npysort -Inumpy/core/include -I/usr/include/python2.7 -c'
    gcc: _configtest.c
    _configtest.c:3:5: warning: function declaration isn't a prototype [-Wstrict-prototypes]
    _configtest.c: In function 'main':
    _configtest.c:5:16: warning: variable 'test_array' set but not used [-Wunused-but-set-variable]
    removing: _configtest.c _configtest.o
    C compiler: gcc -pthread -fno-strict-aliasing -DNDEBUG -g -fwrapv -O2 -Wall -Wstrict-prototypes -fPIC
    
    compile options: '-Inumpy/core/src/private -Inumpy/core/src -Inumpy/core -Inumpy/core/src/npymath -Inumpy/core/src/multiarray -Inumpy/core/src/umath -Inumpy/core/src/npysort -Inumpy/core/include -I/usr/include/python2.7 -c'
    gcc: _configtest.c
    _configtest.c:3:5: warning: function declaration isn't a prototype [-Wstrict-prototypes]
    _configtest.c: In function 'main':
    _configtest.c:5:16: warning: variable 'test_array' set but not used [-Wunused-but-set-variable]
    removing: _configtest.c _configtest.o
    C compiler: gcc -pthread -fno-strict-aliasing -DNDEBUG -g -fwrapv -O2 -Wall -Wstrict-prototypes -fPIC
    
    compile options: '-Inumpy/core/src/private -Inumpy/core/src -Inumpy/core -Inumpy/core/src/npymath -Inumpy/core/src/multiarray -Inumpy/core/src/umath -Inumpy/core/src/npysort -Inumpy/core/include -I/usr/include/python2.7 -c'
    gcc: _configtest.c
    _configtest.c:3:5: warning: function declaration isn't a prototype [-Wstrict-prototypes]
    _configtest.c: In function 'main':
    _configtest.c:5:16: warning: variable 'test_array' set but not used [-Wunused-but-set-variable]
    removing: _configtest.c _configtest.o
    C compiler: gcc -pthread -fno-strict-aliasing -DNDEBUG -g -fwrapv -O2 -Wall -Wstrict-prototypes -fPIC
    
    compile options: '-Inumpy/core/src/private -Inumpy/core/src -Inumpy/core -Inumpy/core/src/npymath -Inumpy/core/src/multiarray -Inumpy/core/src/umath -Inumpy/core/src/npysort -Inumpy/core/include -I/usr/include/python2.7 -c'
    gcc: _configtest.c
    _configtest.c:3:5: warning: function declaration isn't a prototype [-Wstrict-prototypes]
    _configtest.c: In function 'main':
    _configtest.c:5:16: error: size of array 'test_array' is negative
    _configtest.c:5:16: warning: variable 'test_array' set but not used [-Wunused-but-set-variable]
    _configtest.c:3:5: warning: function declaration isn't a prototype [-Wstrict-prototypes]
    _configtest.c: In function 'main':
    _configtest.c:5:16: error: size of array 'test_array' is negative
    _configtest.c:5:16: warning: variable 'test_array' set but not used [-Wunused-but-set-variable]
    C compiler: gcc -pthread -fno-strict-aliasing -DNDEBUG -g -fwrapv -O2 -Wall -Wstrict-prototypes -fPIC
    
    compile options: '-Inumpy/core/src/private -Inumpy/core/src -Inumpy/core -Inumpy/core/src/npymath -Inumpy/core/src/multiarray -Inumpy/core/src/umath -Inumpy/core/src/npysort -Inumpy/core/include -I/usr/include/python2.7 -c'
    gcc: _configtest.c
    _configtest.c:3:5: warning: function declaration isn't a prototype [-Wstrict-prototypes]
    _configtest.c: In function 'main':
    _configtest.c:5:16: error: size of array 'test_array' is negative
    _configtest.c:5:16: warning: variable 'test_array' set but not used [-Wunused-but-set-variable]
    _configtest.c:3:5: warning: function declaration isn't a prototype [-Wstrict-prototypes]
    _configtest.c: In function 'main':
    _configtest.c:5:16: error: size of array 'test_array' is negative
    _configtest.c:5:16: warning: variable 'test_array' set but not used [-Wunused-but-set-variable]
    C compiler: gcc -pthread -fno-strict-aliasing -DNDEBUG -g -fwrapv -O2 -Wall -Wstrict-prototypes -fPIC
    
    compile options: '-Inumpy/core/src/private -Inumpy/core/src -Inumpy/core -Inumpy/core/src/npymath -Inumpy/core/src/multiarray -Inumpy/core/src/umath -Inumpy/core/src/npysort -Inumpy/core/include -I/usr/include/python2.7 -c'
    gcc: _configtest.c
    _configtest.c:3:5: warning: function declaration isn't a prototype [-Wstrict-prototypes]
    _configtest.c: In function 'main':
    _configtest.c:5:16: error: size of array 'test_array' is negative
    _configtest.c:5:16: warning: variable 'test_array' set but not used [-Wunused-but-set-variable]
    _configtest.c:3:5: warning: function declaration isn't a prototype [-Wstrict-prototypes]
    _configtest.c: In function 'main':
    _configtest.c:5:16: error: size of array 'test_array' is negative
    _configtest.c:5:16: warning: variable 'test_array' set but not used [-Wunused-but-set-variable]
    C compiler: gcc -pthread -fno-strict-aliasing -DNDEBUG -g -fwrapv -O2 -Wall -Wstrict-prototypes -fPIC
    
    compile options: '-Inumpy/core/src/private -Inumpy/core/src -Inumpy/core -Inumpy/core/src/npymath -Inumpy/core/src/multiarray -Inumpy/core/src/umath -Inumpy/core/src/npysort -Inumpy/core/include -I/usr/include/python2.7 -c'
    gcc: _configtest.c
    _configtest.c:3:5: warning: function declaration isn't a prototype [-Wstrict-prototypes]
    _configtest.c: In function 'main':
    _configtest.c:5:16: error: size of array 'test_array' is negative
    _configtest.c:5:16: warning: variable 'test_array' set but not used [-Wunused-but-set-variable]
    _configtest.c:3:5: warning: function declaration isn't a prototype [-Wstrict-prototypes]
    _configtest.c: In function 'main':
    _configtest.c:5:16: error: size of array 'test_array' is negative
    _configtest.c:5:16: warning: variable 'test_array' set but not used [-Wunuse,10001:0d-but-set-variable]
    C compiler: gcc -pthread -fno-strict-aliasing -DNDEBUG -g -fwrapv -O2 -Wall -Wstrict-prototypes -fPIC
    
    compile options: '-Inumpy/core/src/private -Inumpy/core/src -Inumpy/core -Inumpy/core/src/npymath -Inumpy/core/src/multiarray -Inumpy/core/src/umath -Inumpy/core/src/npysort -Inumpy/core/include -I/usr/include/python2.7 -c'
    gcc: _configtest.c
    _configtest.c:3:5: warning: function declaration isn't a prototype [-Wstrict-prototypes]
    _configtest.c: In function 'main':
    _configtest.c:5:16: error: size of array 'test_array' is negative
    _configtest.c:5:16: warning: variable 'test_array' set but not used [-Wunused-but-set-variable]
    _configtest.c:3:5: warning: function declaration isn't a prototype [-Wstrict-prototypes]
    _configtest.c: In function 'main':
    _configtest.c:5:16: error: size of array 'test_array' is negative
    _configtest.c:5:16: warning: variable 'test_array' set but not used [-Wunused-but-set-variable]
    C compiler: gcc -pthread -fno-strict-aliasing -DNDEBUG -g -fwrapv -O2 -Wall -Wstrict-prototypes -fPIC
    
    compile options: '-Inumpy/core/src/private -Inumpy/core/src -Inumpy/core -Inumpy/core/src/npymath -Inumpy/core/src/multiarray -Inumpy/core/src/umath -Inumpy/core/src/npysort -Inumpy/core/include -I/usr/include/python2.7 -c'
    gcc: _configtest.c
    _configtest.c:3:5: warning: function declaration isn't a prototype [-Wstrict-prototypes]
    _configtest.c: In function 'main':
    _configtest.c:5:16: error: size of array 'test_array' is negative
    _configtest.c:5:16: warning: variable 'test_array' set but not used [-Wunused-but-set-variable]
    _configtest.c:3:5: warning: function declaration isn't a prototype [-Wstrict-prototypes]
    _configtest.c: In function 'main':
    _configtest.c:5:16: error: size of array 'test_array' is negative
    _configtest.c:5:16: warning: variable 'test_array' set but not used [-Wunused-but-set-variable]
    C compiler: gcc -pthread -fno-strict-aliasing -DNDEBUG -g -fwrapv -O2 -Wall -Wstrict-prototypes -fPIC
    
    compile options: '-Inumpy/core/src/private -Inumpy/core/src -Inumpy/core -Inumpy/core/src/npymath -Inumpy/core/src/multiarray -Inumpy/core/src/umath -Inumpy/core/src/npysort -Inumpy/core/include -I/usr/include/python2.7 -c'
    gcc: _configtest.c
    _configtest.c:3:5: warning: function declaration isn't a prototype [-Wstrict-prototypes]
    _configtest.c: In function 'main':
    _configtest.c:5:16: warning: variable 'test_array' set but not used [-Wunused-but-set-variable]
    removing: _configtest.c _configtest.o _configtest.c _configtest.o _configtest.c _configtest.o _configtest.c _configtest.o _configtest.c _configtest.o _configtest.c _configtest.o _configtest.c _configtest.o
    C compiler: gcc -pthread -fno-strict-aliasing -DNDEBUG -g -fwrapv -O2 -Wall -Wstrict-prototypes -fPIC
    
    compile options: '-Inumpy/core/src/private -Inumpy/core/src -Inumpy/core -Inumpy/core/src/npymath -Inumpy/core/src/multiarray -Inumpy/core/src/umath -Inumpy/core/src/npysort -Inumpy/core/include -I/usr/include/python2.7 -c'
    gcc: _configtest.c
    _configtest.c:3:5: warning: function declaration isn't a prototype [-Wstrict-prototypes]
    _configtest.c: In function 'main':
    _configtest.c:5:16: warning: variable 'test_array' set but not used [-Wunused-but-set-variable]
    removing: _configtest.c _configtest.o
    C compiler: gcc -pthread -fno-strict-aliasing -DNDEBUG -g -fwrapv -O2 -Wall -Wstrict-prototypes -fPIC
    
    compile options: '-Inumpy/core/src/private -Inumpy/core/src -Inumpy/core -Inumpy/core/src/npymath -Inumpy/core/src/multiarray -Inumpy/core/src/umath -Inumpy/core/src/npysort -Inumpy/core/include -I/usr/include/python2.7 -c'
    gcc: _configtest.c
    _configtest.c:3:5: warning: function declaration isn't a prototype [-Wstrict-prototypes]
    _configtest.c: In function 'main':
    _configtest.c:5:16: warning: variable 'test_array' set but not used [-Wunused-but-set-variable]
    removing: _configtest.c _configtest.o
    C compiler: gcc -pthread -fno-strict-aliasing -DNDEBUG -g -fwrapv -O2 -Wall -Wstrict-prototypes -fPIC
    
    compile options: '-Inumpy/core/src/private -Inumpy/core/src -Inumpy/core -Inumpy/core/src/npymath -Inumpy/core/src/multiarray -Inumpy/core/src/umath -Inumpy/core/src/npysort -Inumpy/core/include -I/usr/include/python2.7 -c'
    gcc: _configtest.c
    _configtest.c:3:5: warning: function declaration isn't a prototype [-Wstrict-prototypes]
    _configtest.c: In function 'main':
    _configtest.c:5:16: warning: variable 'test_array' set but not used [-Wunused-but-set-variable]
    removing: _configtest.c _configtest.o
    C compiler: gcc -pthread -fno-strict-aliasing -DNDEBUG -g -fwrapv -O2 -Wall -Wstrict-prototypes -fPIC
    
    compile options: '-Inumpy/core/src/private -Inumpy/core/src -Inumpy/core -Inumpy/core/src/npymath -Inumpy/core/src/multiarray -Inumpy/core/src/umath -Inumpy/core/src/npysort -Inumpy/core/include -I/usr/include/python2.7 -c'
    gcc: _configtest.c
    _configtest.c:4:5: warning: function declaration isn't a prototype [-Wstrict-prototypes]
    success!
    removing: _configtest.c _configtest.o
    C compiler: gcc -pthread -fno-strict-aliasing -DNDEBUG -g -fwrapv -O2 -Wall -Wstrict-prototypes -fPIC
    
    compile options: '-Inumpy/core/src/private -Inumpy/core/src -Inumpy/core -Inumpy/core/src/npymath -Inumpy/core/src/multiarray -Inumpy/core/src/umath -Inumpy/core/src/npysort -Inumpy/core/include -I/usr/include/python2.7 -c'
    gcc: _configtest.c
    _configtest.c:3:5: warning: function declaration isn't a prototype [-Wstrict-prototypes]
    _configtest.c: In function 'main':
    _configtest.c:5:16: warning: variable 'test_array' set but not used [-Wunused-but-set-variable]
    removing: _configtest.c _configtest.o
    C compiler: gcc -pthread -fno-strict-aliasing -DNDEBUG -g -fwrapv -O2 -Wall -Wstrict-prototypes -fPIC
    
    compile options: '-Inumpy/core/src/private -Inumpy/core/src -Inumpy/core -Inumpy/core/src/npymath -Inumpy/core/src/multiarray -Inumpy/core/src/umath -Inumpy/core/src/npysort -Inumpy/core/include -I/usr/include/python2.7 -c'
    gcc: _configtest.c
    _configtest.c:3:5: warning: function declaration isn't a prototype [-Wstrict-prototypes]
    _configtest.c: In function 'main':
    _configtest.c:5:16: warning: variable 'test_array' set but not used [-Wunused-but-set-variable]
    removing: _configtest.c _configtest.o
    C compiler: gcc -pthread -fno-strict-aliasing -DNDEBUG -g -fwrapv -O2 -Wall -Wstrict-prototypes -fPIC
    
    compile options: '-Inumpy/core/src/private -Inumpy/core/src -Inumpy/core -Inumpy/core/src/npymath -Inumpy/core/src/multiarray -Inumpy/core/src/umath -Inumpy/core/src/npysort -Inumpy/core/include -I/usr/include/python2.7 -c'
    gcc: _configtest.c
    _configtest.c:3:5: warning: function declaration isn't a prototype [-Wstrict-prototypes]
    _configtest.c: In function 'main':
    _configtest.c:5:16: warning: variable 'test_array' set but not used [-Wunused-but-set-variable]
    removing: _configtest.c _configtest.o
    C compiler: gcc -pthread -fno-strict-aliasing -DNDEBUG -g -fwrapv -O2 -Wall -Wstrict-prototypes -fPIC
    
    compile options: '-Inumpy/core/src/private -Inumpy/core/src -Inumpy/core -Inumpy/core/src/npymath -Inumpy/core/src/multiarray -Inumpy/core/src/umath -Inumpy/core/src/npysort -Inumpy/core/include -I/usr/include/python2.7 -c'
    gcc: _configtest.c
    _configtest.c:3:5: warning: function declaration isn't a prototype [-Wstrict-prototypes]
    _configtest.c: In function 'main':
    _configtest.c:5:16: error: size of array 'test_array' is negative
    _configtest.c:5:16: warning: variable 'test_array' set but not used [-Wunused-but-set-variable]
    _configtest.c:3:5: warning: function declaration isn't a prototype [-Wstrict-prototypes]
    _configtest.c: In function 'main':
    _configtest.c:5:16: error: size of array 'test_array' is negative
    _configtest.c:5:16: warning: variable 'test_array' set but not used [-Wunused-but-set-variable]
    C compiler: gcc -pthread -fno-strict-aliasing -DNDEBUG -g -fwrapv -O2 -Wall -Wstrict-prototypes -fPIC
    
    compile options: '-Inumpy/core/src/private -Inumpy/core/src -Inumpy/core -Inumpy/core/src/npymath -Inumpy/core/src/multiarray -Inumpy/core/src/umath -Inumpy/core/src/npysort -Inumpy/core/include -I/usr/include/python2.7 -c'
    gcc: _configtest.c
    _configtest.c:3:5: warning: function declaration isn't a prototype [-Wstrict-prototypes]
    _configtest.c: In function 'main':
    _configtest.c:5:16: error: size of array 'test_array' is negative
    _configtest.c:5:16: warning: variable 'test_array' set but not used [-Wunused-but-set-variable]
    _configtest.c:3:5: warning: function declaration isn't a prototype [-Wstrict-prototypes]
    _configtest.c: In function 'main':
    _configtest.c:5:16: error: size of array 'test_array' is negative
    _configtest.c:5:16: warning: variable 'test_array' set but not used [-Wunused-but-set-variable]
    C compiler: gcc -pthread -fno-strict-aliasing -DNDEBUG -g -fwrapv -O2 -Wall -Wstrict-prototypes -fPIC
    
    compile options: '-Inumpy/core/src/private -Inumpy/core/src -Inumpy/core -Inumpy/core/src/npymath -Inumpy/core/src/multiarray -Inumpy/core/src/umath -Inumpy/core/src/npysort -Inumpy/core/include -I/usr/include/python2.7 -c'
    gcc: _configtest.c
    _configtest.c:3:5: warning: function declaration isn't a prototype [-Wstrict-prototypes]
    _configtest.c: In function 'main':
    _configtest.c:5:16: error: size of array 'test_array' is negative
    _configtest.c:5:16: warning: variable 'test_array' set but not used [-Wunused-but-set-variable]
    _configtest.c:3:5: warning: function declaration isn't a prototype [-Wstrict-prototypes]
    _configtest.c: In function 'main':
    _configtest.c:5:16: error: size of array 'test_array' is negative
    _configtest.c:5:16: warning: variable 'test_array' set but not used [-Wunused-but-set-variable]
    C compiler: gcc ,10001:0-pthread -fno-strict-aliasing -DNDEBUG -g -fwrapv -O2 -Wall -Wstrict-prototypes -fPIC
    
    compile options: '-Inumpy/core/src/private -Inumpy/core/src -Inumpy/core -Inumpy/core/src/npymath -Inumpy/core/src/multiarray -Inumpy/core/src/umath -Inumpy/core/src/npysort -Inumpy/core/include -I/usr/include/python2.7 -c'
    gcc: _configtest.c
    _configtest.c:3:5: warning: function declaration isn't a prototype [-Wstrict-prototypes]
    _configtest.c: In function 'main':
    _configtest.c:5:16: error: size of array 'test_array' is negative
    _configtest.c:5:16: warning: variable 'test_array' set but not used [-Wunused-but-set-variable]
    _configtest.c:3:5: warning: function declaration isn't a prototype [-Wstrict-prototypes]
    _configtest.c: In function 'main':
    _configtest.c:5:16: error: size of array 'test_array' is negative
    _configtest.c:5:16: warning: variable 'test_array' set but not used [-Wunused-but-set-variable]
    C compiler: gcc -pthread -fno-strict-aliasing -DNDEBUG -g -fwrapv -O2 -Wall -Wstrict-prototypes -fPIC
    
    compile options: '-Inumpy/core/src/private -Inumpy/core/src -Inumpy/core -Inumpy/core/src/npymath -Inumpy/core/src/multiarray -Inumpy/core/src/umath -Inumpy/core/src/npysort -Inumpy/core/include -I/usr/include/python2.7 -c'
    gcc: _configtest.c
    _configtest.c:3:5: warning: function declaration isn't a prototype [-Wstrict-prototypes]
    _configtest.c: In function 'main':
    _configtest.c:5:16: error: size of array 'test_array' is negative
    _configtest.c:5:16: warning: variable 'test_array' set but not used [-Wunused-but-set-variable]
    _configtest.c:3:5: warning: function declaration isn't a prototype [-Wstrict-prototypes]
    _configtest.c: In function 'main':
    _configtest.c:5:16: error: size of array 'test_array' is negative
    _configtest.c:5:16: warning: variable 'test_array' set but not used [-Wunused-but-set-variable]
    C compiler: gcc -pthread -fno-strict-aliasing -DNDEBUG -g -fwrapv -O2 -Wall -Wstrict-prototypes -fPIC
    
    compile options: '-Inumpy/core/src/private -Inumpy/core/src -Inumpy/core -Inumpy/core/src/npymath -Inumpy/core/src/multiarray -Inumpy/core/src/umath -Inumpy/core/src/npysort -Inumpy/core/include -I/usr/include/python2.7 -c'
    gcc: _configtest.c
    _configtest.c:3:5: warning: function declaration isn't a prototype [-Wstrict-prototypes]
    _configtest.c: In function 'main':
    _configtest.c:5:16: error: size of array 'test_array' is negative
    _configtest.c:5:16: warning: variable 'test_array' set but not used [-Wunused-but-set-variable]
    _configtest.c:3:5: warning: function declaration isn't a prototype [-Wstrict-prototypes]
    _configtest.c: In function 'main':
    _configtest.c:5:16: error: size of array 'test_array' is negative
    _configtest.c:5:16: warning: variable 'test_array' set but not used [-Wunused-but-set-variable]
    C compiler: gcc -pthread -fno-strict-aliasing -DNDEBUG -g -fwrapv -O2 -Wall -Wstrict-prototypes -fPIC
    
    compile options: '-Inumpy/core/src/private -Inumpy/core/src -Inumpy/core -Inumpy/core/src/npymath -Inumpy/core/src/multiarray -Inumpy/core/src/umath -Inumpy/core/src/npysort -Inumpy/core/include -I/usr/include/python2.7 -c'
    gcc: _configtest.c
    _configtest.c:3:5: warning: function declaration isn't a prototype [-Wstrict-prototypes]
    _configtest.c: In function 'main':
    _configtest.c:5:16: error: size of array 'test_array' is negative
    _configtest.c:5:16: warning: variable 'test_array' set but not used [-Wunused-but-set-variable]
    _configtest.c:3:5: warning: function declaration isn't a prototype [-Wstrict-prototypes]
    _configtest.c: In function 'main':
    _configtest.c:5:16: error: size of array 'test_array' is negative
    _configtest.c:5:16: warning: variable 'test_array' set but not used [-Wunused-but-set-variable]
    C compiler: gcc -pthread -fno-strict-aliasing -DNDEBUG -g -fwrapv -O2 -Wall -Wstrict-prototypes -fPIC
    
    compile options: '-Inumpy/core/src/private -Inumpy/core/src -Inumpy/core -Inumpy/core/src/npymath -Inumpy/core/src/multiarray -Inumpy/core/src/umath -Inumpy/core/src/npysort -Inumpy/core/include -I/usr/include/python2.7 -c'
    gcc: _configtest.c
    _configtest.c:3:5: warning: function declaration isn't a prototype [-Wstrict-prototypes]
    _configtest.c: In function 'main':
    _configtest.c:5:16: warning: variable 'test_array' set but not used [-Wunused-but-set-variable]
    removing: _configtest.c _configtest.o _configtest.c _configtest.o _configtest.c _configtest.o _configtest.c _configtest.o _configtest.c _configtest.o _configtest.c _configtest.o _configtest.c _configtest.o _configtest.c _configtest.o
    C compiler: gcc -pthread -fno-strict-aliasing -DNDEBUG -g -fwrapv -O2 -Wall -Wstrict-prototypes -fPIC
    
    compile options: '-Inumpy/core/src/private -Inumpy/core/src -Inumpy/core -Inumpy/core/src/npymath -Inumpy/core/src/multiarray -Inumpy/core/src/umath -Inumpy/core/src/npysort -Inumpy/core/include -I/usr/include/python2.7 -c'
    gcc: _configtest.c
    _configtest.c:3:5: warning: function declaration isn't a prototype [-Wstrict-prototypes]
    _configtest.c: In function 'main':
    _configtest.c:5:16: warning: variable 'test_array' set but not used [-Wunused-but-set-variable]
    removing: _configtest.c _configtest.o
    C compiler: gcc -pthread -fno-strict-aliasing -DNDEBUG -g -fwrapv -O2 -Wall -Wstrict-prototypes -fPIC
    
    compile options: '-Inumpy/core/src/private -Inumpy/core/src -Inumpy/core -Inumpy/core/src/npymath -Inumpy/core/src/multiarray -Inumpy/core/src/umath -Inumpy/core/src/npysort -Inumpy/core/include -I/usr/include/python2.7 -c'
    gcc: _configtest.c
    _configtest.c:3:5: warning: function declaration isn't a prototype [-Wstrict-prototypes]
    _configtest.c: In function 'main':
    _configtest.c:5:16: warning: variable 'test_array' set but not used [-Wunused-but-set-variable]
    removing: _configtest.c _configtest.o
    C compiler: gcc -pthread -fno-strict-aliasing -DNDEBUG -g -fwrapv -O2 -Wall -Wstrict-prototypes -fPIC
    
    compile options: '-Inumpy/core/src/private -Inumpy/core/src -Inumpy/core -Inumpy/core/src/npymath -Inumpy/core/src/multiarray -Inumpy/core/src/umath -Inumpy/core/src/npysort -Inumpy/core/include -I/usr/include/python2.7 -c'
    gcc: _configtest.c
    _configtest.c:3:5: warning: function declaration isn't a prototype [-Wstrict-prototypes]
    _configtest.c: In function 'main':
    _configtest.c:5:16: warning: variable 'test_array' set but not used [-Wunused-but-set-variable]
    removing: _configtest.c _configtest.o
    C compiler: gcc -pthread -fno-strict-aliasing -DNDEBUG -g -fwrapv -O2 -Wall -Wstrict-prototypes -fPIC
    
    compile options: '-Inumpy/core/src/private -Inumpy/core/src -Inumpy/core -Inumpy/core/src/npymath -Inumpy/core/src/multiarray -Inumpy/core/src/umath -Inumpy/core/src/npysort -Inumpy/core/include -I/usr/include/python2.7 -c'
    gcc: _configtest.c
    _configtest.c:3:5: warning: function declaration isn't a prototype [-Wstrict-prototypes]
    _configtest.c: In function 'main':
    _configtest.c:5:16: warning: variable 'test_array' set but not used [-Wunused-but-set-variable]
    removing: _configtest.c _configtest.o
    C compiler: gcc -pthread -fno-strict-aliasing -DNDEBUG -g -fwrapv -O2 -Wall -Wstrict-prototypes -fPIC
    
    compile options: '-Inumpy/core/src/private -Inumpy/core/src -Inumpy/core -Inumpy/core/src/npymath -Inumpy/core/src/multiarray -Inumpy/core/src/umath -Inumpy/core/src/npysort -Inumpy/core/include -I/usr/include/python2.7 -c'
    gcc: _configtest.c
    _configtest.c:4:5: warning: function declaration isn't a prototype [-Wstrict-prototypes]
    _configtest.c: In function 'main':
    _configtest.c:7:12: error: 'SIZEOF_LONGDOUBLE' undeclared (first use in this function)
    _configtest.c:7:12: note: each undeclared identifier is reported only once for each function it appears in
    _configtest.c:4:5: warning: function declaration isn't a prototype [-Wstrict-prototypes]
    _configtest.c: In function 'main':
    _configtest.c:7:12: error: 'SIZEOF_LONGDOUBLE' undeclared (first use in this function)
    _configtest.c:7:12: note: each undeclared identifier is reported only once for each function it appears in
    failure.
    removing: _configtest.c _configtest.o
    C compiler: gcc -pthread -fno-strict-aliasing -DNDEBUG -g -fwrapv -O2 -Wall -Wstrict-prototypes -fPIC
    
    compile options: '-Inumpy/core/src/private -Inumpy/core/src -Inumpy/core -Inumpy/core/src/npymath -Inumpy/core/src/multiarray -Inumpy/core/src/umath -Inumpy/core/src/npysort -Inumpy/core/include -I/usr/include/python2.7 -c'
    gcc: _configtest.c
    _configtest.c:3:5: warning: function declaration isn't a prototype [-Wstrict-prototypes]
    _configtest.c: In function 'main':
    _configtest.c:5:16: warning: variable 'test_array' set but not used [-Wunused-but-set-variable]
    removing: _configtest.c _configtest.o
    C compiler: gcc -pthread -fno-strict-aliasing -DNDEBUG -g -fwrapv -O2 -Wall -Wstrict-prototypes -fPIC
    
    compile options: '-Inumpy/core/src/private -Inumpy/core/src -Inumpy/core -Inumpy/core/src/npymath -Inumpy/core/src/multiarray -Inumpy/core/src/umath -Inumpy/core/src/npysort -Inumpy/core/include -I/usr/include/python2.7 -c'
    gcc: _configtest.c
    _configtest.c:3:5: warning: function declaration isn't a prototype [-Wstrict-prototypes]
    _configtest.c: In function 'main':
    _configtest.c:5:16: error: size of array 'test_array' is negative
    _configtest.c:5:16: warning: variable 'test_array' set but not used [-Wunused-but-set-variable]
    _configtest.c:3:5: warning: function declaration isn't a prototype [-Wstrict-prototypes]
    _configtest.c: In function 'main':
    _configtest.c:5:16: error: size of array 'test_array' is negative
    _configtest.c:5:16: warning: variable 'test_array' set but not used [-Wunused-but-set-variable]
    C compiler: gcc -pthread -fno-strict-aliasing -DNDEBUG -g -fwrapv -O2 -Wall -Wstrict-prot,10001:0otypes -fPIC
    
    compile options: '-Inumpy/core/src/private -Inumpy/core/src -Inumpy/core -Inumpy/core/src/npymath -Inumpy/core/src/multiarray -Inumpy/core/src/umath -Inumpy/core/src/npysort -Inumpy/core/include -I/usr/include/python2.7 -c'
    gcc: _configtest.c
    _configtest.c:3:5: warning: function declaration isn't a prototype [-Wstrict-prototypes]
    _configtest.c: In function 'main':
    _configtest.c:5:16: error: size of array 'test_array' is negative
    _configtest.c:5:16: warning: variable 'test_array' set but not used [-Wunused-but-set-variable]
    _configtest.c:3:5: warning: function declaration isn't a prototype [-Wstrict-prototypes]
    _configtest.c: In function 'main':
    _configtest.c:5:16: error: size of array 'test_array' is negative
    _configtest.c:5:16: warning: variable 'test_array' set but not used [-Wunused-but-set-variable]
    C compiler: gcc -pthread -fno-strict-aliasing -DNDEBUG -g -fwrapv -O2 -Wall -Wstrict-prototypes -fPIC
    
    compile options: '-Inumpy/core/src/private -Inumpy/core/src -Inumpy/core -Inumpy/core/src/npymath -Inumpy/core/src/multiarray -Inumpy/core/src/umath -Inumpy/core/src/npysort -Inumpy/core/include -I/usr/include/python2.7 -c'
    gcc: _configtest.c
    _configtest.c:3:5: warning: function declaration isn't a prototype [-Wstrict-prototypes]
    _configtest.c: In function 'main':
    _configtest.c:5:16: warning: variable 'test_array' set but not used [-Wunused-but-set-variable]
    removing: _configtest.c _configtest.o _configtest.c _configtest.o _configtest.c _configtest.o
    C compiler: gcc -pthread -fno-strict-aliasing -DNDEBUG -g -fwrapv -O2 -Wall -Wstrict-prototypes -fPIC
    
    compile options: '-Inumpy/core/src/private -Inumpy/core/src -Inumpy/core -Inumpy/core/src/npymath -Inumpy/core/src/multiarray -Inumpy/core/src/umath -Inumpy/core/src/npysort -Inumpy/core/include -I/usr/include/python2.7 -c'
    gcc: _configtest.c
    _configtest.c:3:5: warning: function declaration isn't a prototype [-Wstrict-prototypes]
    _configtest.c: In function 'main':
    _configtest.c:5:16: warning: variable 'test_array' set but not used [-Wunused-but-set-variable]
    removing: _configtest.c _configtest.o
    C compiler: gcc -pthread -fno-strict-aliasing -DNDEBUG -g -fwrapv -O2 -Wall -Wstrict-prototypes -fPIC
    
    compile options: '-Inumpy/core/src/private -Inumpy/core/src -Inumpy/core -Inumpy/core/src/npymath -Inumpy/core/src/multiarray -Inumpy/core/src/umath -Inumpy/core/src/npysort -Inumpy/core/include -I/usr/include/python2.7 -c'
    gcc: _configtest.c
    _configtest.c:3:5: warning: function declaration isn't a prototype [-Wstrict-prototypes]
    _configtest.c: In function 'main':
    _configtest.c:5:16: error: size of array 'test_array' is negative
    _configtest.c:5:16: warning: variable 'test_array' set but not used [-Wunused-but-set-variable]
    _configtest.c:3:5: warning: function declaration isn't a prototype [-Wstrict-prototypes]
    _configtest.c: In function 'main':
    _configtest.c:5:16: error: size of array 'test_array' is negative
    _configtest.c:5:16: warning: variable 'test_array' set but not used [-Wunused-but-set-variable]
    C compiler: gcc -pthread -fno-strict-aliasing -DNDEBUG -g -fwrapv -O2 -Wall -Wstrict-prototypes -fPIC
    
    compile options: '-Inumpy/core/src/private -Inumpy/core/src -Inumpy/core -Inumpy/core/src/npymath -Inumpy/core/src/multiarray -Inumpy/core/src/umath -Inumpy/core/src/npysort -Inumpy/core/include -I/usr/include/python2.7 -c'
    gcc: _configtest.c
    _configtest.c:3:5: warning: function declaration isn't a prototype [-Wstrict-prototypes]
    _configtest.c: In function 'main':
    _configtest.c:5:16: error: size of array 'test_array' is negative
    _configtest.c:5:16: warning: variable 'test_array' set but not used [-Wunused-but-set-variable]
    _configtest.c:3:5: warning: function declaration isn't a prototype [-Wstrict-prototypes]
    _configtest.c: In function 'main':
    _configtest.c:5:16: error: size of array 'test_array' is negative
    _configtest.c:5:16: warning: variable 'test_array' set but not used [-Wunused-but-set-variable]
    C compiler: gcc -pthread -fno-strict-aliasing -DNDEBUG -g -fwrapv -O2 -Wall -Wstrict-prototypes -fPIC
    
    compile options: '-Inumpy/core/src/private -Inumpy/core/src -Inumpy/core -Inumpy/core/src/npymath -Inumpy/core/src/multiarray -Inumpy/core/src/umath -Inumpy/core/src/npysort -Inumpy/core/include -I/usr/include/python2.7 -c'
    gcc: _configtest.c
    _configtest.c:3:5: warning: function declaration isn't a prototype [-Wstrict-prototypes]
    _configtest.c: In function 'main':
    _configtest.c:5:16: error: size of array 'test_array' is negative
    _configtest.c:5:16: warning: variable 'test_array' set but not used [-Wunused-but-set-variable]
    _configtest.c:3:5: warning: function declaration isn't a prototype [-Wstrict-prototypes]
    _configtest.c: In function 'main':
    _configtest.c:5:16: error: size of array 'test_array' is negative
    _configtest.c:5:16: warning: variable 'test_array' set but not used [-Wunused-but-set-variable]
    C compiler: gcc -pthread -fno-strict-aliasing -DNDEBUG -g -fwrapv -O2 -Wall -Wstrict-prototypes -fPIC
    
    compile options: '-Inumpy/core/src/private -Inumpy/core/src -Inumpy/core -Inumpy/core/src/npymath -Inumpy/core/src/multiarray -Inumpy/core/src/umath -Inumpy/core/src/npysort -Inumpy/core/include -I/usr/include/python2.7 -c'
    gcc: _configtest.c
    _configtest.c:3:5: warning: function declaration isn't a prototype [-Wstrict-prototypes]
    _configtest.c: In function 'main':
    _configtest.c:5:16: error: size of array 'test_array' is negative
    _configtest.c:5:16: warning: variable 'test_array' set but not used [-Wunused-but-set-variable]
    _configtest.c:3:5: warning: function declaration isn't a prototype [-Wstrict-prototypes]
    _configtest.c: In function 'main':
    _configtest.c:5:16: error: size of array 'test_array' is negative
    _configtest.c:5:16: warning: variable 'test_array' set but not used [-Wunused-but-set-variable]
    C compiler: gcc -pthread -fno-strict-aliasing -DNDEBUG -g -fwrapv -O2 -Wall -Wstrict-prototypes -fPIC
    
    compile options: '-Inumpy/core/src/private -Inumpy/core/src -Inumpy/core -Inumpy/core/src/npymath -Inumpy/core/src/multiarray -Inumpy/core/src/umath -Inumpy/core/src/npysort -Inumpy/core/include -I/usr/include/python2.7 -c'
    gcc: _configtest.c
    _configtest.c:3:5: warning: function declaration isn't a prototype [-Wstrict-prototypes]
    _configtest.c: In function 'main':
    _configtest.c:5:16: error: size of array 'test_array' is negative
    _configtest.c:5:16: warning: variable 'test_array' set but not used [-Wunused-but-set-variable]
    _configtest.c:3:5: warning: function declaration isn't a prototype [-Wstrict-prototypes]
    _configtest.c: In function 'main':
    _configtest.c:5:16: error: size of array 'test_array' is negative
    _configtest.c:5:16: warning: variable 'test_array' set but not used [-Wunused-but-set-variable]
    C compiler: gcc -pthread -fno-strict-aliasing -DNDEBUG -g -fwrapv -O2 -Wall -Wstrict-prototypes -fPIC
    
    compile options: '-Inumpy/core/src/private -Inumpy/core/src -Inumpy/core -Inumpy/core/src/npymath -Inumpy/core/src/multiarray -Inumpy/core/src/umath -Inumpy/core/src/npysort -Inumpy/core/include -I/usr/include/python2.7 -c'
    gcc: _configtest.c
    _configtest.c:3:5: warning: function declaration isn't a prototype [-Wstrict-prototypes]
    _configtest.c: In function 'main':
    _configtest.c:5:16: error: size of array 'test_array' is negative
    _configtest.c:5:16: warning: variable 'test_array' set but not used [-Wunused-but-set-variable]
    _configtest.c:3:5: warning: function declaration isn't a prototype [-Wstrict-prototypes]
    _configtest.c: In function 'main':
    _configtest.c:5:16: error: size of array 'test_array' is negative
    _configtest.c:5:16: warning: variable 'test_array' set but not used [-Wunused-but-set-variable]
    C compiler: gcc -pthread -fno-strict-aliasing -DNDEBUG -g -fwrapv -O2 -Wall -Wstrict-prototypes -fPIC
    
    compile options: '-Inumpy/core/src/private -Inumpy/core/src -Inumpy/core -Inumpy/core/src/npymath -Inumpy/core/src/multiarray -Inumpy/core/src/umath -Inumpy/core/src/npysort -Inumpy/core/include -I/usr/include/python2.7 -c'
    gcc: _configtest.c
    _configtest.c:3:5: warning: function declaration isn't a prototype [-Wstrict-prototypes]
    _configtest.c: In function 'main':
    _configtest.c:5:16: error: size of array 'test_array' is negative
    _configtest.c:5:16: warning: variable 'test_array' set but not used [-Wunused-but-set-variable]
    _configtest.c:3:5: warning: function declaration isn't a prototype [-Wstrict-prototypes]
    _configtest.c: In function 'main':
    _configtest.c:5:16: error: size of array 'test_array' is negative
    _configtest.c:5:16: warning: variable 'test_array' set but not used [-Wunused-but-set-variable]
    C compiler: gcc -pthread -fno-strict-aliasing -DNDEBUG -g -fwrapv -O2 -Wall -Wstrict-prototypes -fPIC
    
    compile options: '-Inumpy/core/src/private -Inumpy/core/src -Inumpy/core -Inumpy/core/src/npymath -Inumpy/core/src/multiarray -Inumpy/core/src/umath -Inumpy/core/src/npysort -Inumpy/core/include -I/usr/include/python2.7 -c'
    gcc: _configtest.c
    _configtest.c:3:5: warning: function declaration isn't a prototype [-Wstrict-prototypes]
    _configtest.c: In function 'main':
    _configtest.c:5:16: error: size of array 'test_array' is negative
    _configtest.c:5:16: warning: variable 'test_array' set but not used [-Wunused-but-set-variable]
    _configtest.c:3:5: warning: function declaration isn't a prototype [-Wstrict-prototypes]
    _configtest.c: In function 'main':
    _configtest.c:5:16: error: size of array 'test_array' is negative
    _configtest.c:5:16: warning: variable 'test_array' set but not used [-Wunused-but-set-variable]
    C compiler: gcc -pthread -fno-strict-aliasing -DNDEBUG -g -fwrapv -,2769:0O2 -Wall -Wstrict-prototypes -fPIC
    
    compile options: '-Inumpy/core/src/private -Inumpy/core/src -Inumpy/core -Inumpy/core/src/npymath -Inumpy/core/src/multiarray -Inumpy/core/src/umath -Inumpy/core/src/npysort -Inumpy/core/include -I/usr/include/python2.7 -c'
    gcc: _configtest.c
    _configtest.c:3:5: warning: function declaration isn't a prototype [-Wstrict-prototypes]
    _configtest.c: In function 'main':
    _configtest.c:5:16: error: size of array 'test_array' is negative
    _configtest.c:5:16: warning: variable 'test_array' set but not used [-Wunused-but-set-variable]
    _configtest.c:3:5: warning: function declaration isn't a prototype [-Wstrict-prototypes]
    _configtest.c: In function 'main':
    _configtest.c:5:16: error: size of array 'test_array' is negative
    _configtest.c:5:16: warning: variable 'test_array' set but not used [-Wunused-but-set-variable]
    C compiler: gcc -pthread -fno-strict-aliasing -DNDEBUG -g -fwrapv -O2 -Wall -Wstrict-prototypes -fPIC
    
    compile options: '-Inumpy/core/src/private -Inumpy/core/src -Inumpy/core -Inumpy/core/src/npymath -Inumpy/core/src/multiarray -Inumpy/core/src/umath -Inumpy/core/src/npysort -Inumpy/core/include -I/usr/include/python2.7 -c'
    gcc: _configtest.c
    _configtest.c:3:5: warning: function declaration isn't a prototype [-Wstrict-prototypes]
    _configtest.c: In function 'main':
    _configtest.c:5:16: error: size of array 'test_array' is negative
    _configtest.c:5:16: warning: variable 'test_array' set but not used [-Wunused-but-set-variable]
    _configtest.c:3:5: warning: function declaration isn't a prototype [-Wstrict-prototypes]
    _configtest.c: In function 'main':
    _configtest.c:5:16: error: size of array 'test_array' is negative
    _configtest.c:5:16: warning: variable 'test_array' set but not used [-Wunused-but-set-variable]
    C compiler: gcc -pthread -fno-strict-aliasing -DNDEBUG -g -fwrapv -O2 -Wall -Wstrict-prototypes -fPIC
    
    compile options: '-Inumpy/core/src/private -Inumpy/core/src -Inumpy/core -Inumpy/core/src/npymath -Inumpy/core/src/multiarray -Inumpy/core/src/umath -Inumpy/core/src/npysort -Inumpy/core/include -I/usr/include/python2.7 -c'
    gcc: _configtest.c
    _configtest.c:3:5: warning: function declaration isn't a prototype [-Wstrict-prototypes]
    _configtest.c: In function 'main':
    _configtest.c:5:16: error: size of array 'test_array' is negative
    _configtest.c:5:16: warning: variable 'test_array' set but not used [-Wunused-but-set-variable]
    _configtest.c:3:5: warning: function declaration isn't a prototype [-Wstrict-prototypes]
    _configtest.c: In function 'main':
    _configtest.c:5:16: error: size of array 'test_array' is negative
    _configtest.c:5:16: warning: variable,10001:0 'test_array' set but not used [-Wunused-but-set-variable]
    C compiler: gcc -pthread -fno-strict-aliasing -DNDEBUG -g -fwrapv -O2 -Wall -Wstrict-prototypes -fPIC
    
    compile options: '-Inumpy/core/src/private -Inumpy/core/src -Inumpy/core -Inumpy/core/src/npymath -Inumpy/core/src/multiarray -Inumpy/core/src/umath -Inumpy/core/src/npysort -Inumpy/core/include -I/usr/include/python2.7 -c'
    gcc: _configtest.c
    _configtest.c:3:5: warning: function declaration isn't a prototype [-Wstrict-prototypes]
    _configtest.c: In function 'main':
    _configtest.c:5:16: error: size of array 'test_array' is negative
    _configtest.c:5:16: warning: variable 'test_array' set but not used [-Wunused-but-set-variable]
    _configtest.c:3:5: warning: function declaration isn't a prototype [-Wstrict-prototypes]
    _configtest.c: In function 'main':
    _configtest.c:5:16: error: size of array 'test_array' is negative
    _configtest.c:5:16: warning: variable 'test_array' set but not used [-Wunused-but-set-variable]
    C compiler: gcc -pthread -fno-strict-aliasing -DNDEBUG -g -fwrapv -O2 -Wall -Wstrict-prototypes -fPIC
    
    compile options: '-Inumpy/core/src/private -Inumpy/core/src -Inumpy/core -Inumpy/core/src/npymath -Inumpy/core/src/multiarray -Inumpy/core/src/umath -Inumpy/core/src/npysort -Inumpy/core/include -I/usr/include/python2.7 -c'
    gcc: _configtest.c
    _configtest.c:3:5: warning: function declaration isn't a prototype [-Wstrict-prototypes]
    _configtest.c: In function 'main':
    _configtest.c:5:16: warning: variable 'test_array' set but not used [-Wunused-but-set-variable]
    removing: _configtest.c _configtest.o _configtest.c _configtest.o _configtest.c _configtest.o _configtest.c _configtest.o _configtest.c _configtest.o _configtest.c _configtest.o _configtest.c _configtest.o _configtest.c _configtest.o _configtest.c _configtest.o _configtest.c _configtest.o _configtest.c _configtest.o _configtest.c _configtest.o _configtest.c _configtest.o
    C compiler: gcc -pthread -fno-strict-aliasing -DNDEBUG -g -fwrapv -O2 -Wall -Wstrict-prototypes -fPIC
    
    compile options: '-Inumpy/core/src/private -Inumpy/core/src -Inumpy/core -Inumpy/core/src/npymath -Inumpy/core/src/multiarray -Inumpy/core/src/umath -Inumpy/core/src/npysort -Inumpy/core/include -I/usr/include/python2.7 -c'
    gcc: _configtest.c
    _configtest.c:3:5: warning: function declaration isn't a prototype [-Wstrict-prototypes]
    _configtest.c: In function 'main':
    _configtest.c:5:16: warning: variable 'test_array' set but not used [-Wunused-but-set-variable]
    removing: _configtest.c _configtest.o
    C compiler: gcc -pthread -fno-strict-aliasing -DNDEBUG -g -fwrapv -O2 -Wall -Wstrict-prototypes -fPIC
    
    compile options: '-Inumpy/core/src/private -Inumpy/core/src -Inumpy/core -Inumpy/core/src/npymath -Inumpy/core/src/multiarray -Inumpy/core/src/umath -Inumpy/core/src/npysort -Inumpy/core/include -I/usr/include/python2.7 -c'
    gcc: _configtest.c
    _configtest.c:3:5: warning: function declaration isn't a prototype [-Wstrict-prototypes]
    _configtest.c: In function 'main':
    _configtest.c:5:16: warning: variable 'test_array' set but not used [-Wunused-but-set-variable]
    removing: _configtest.c _configtest.o
    C compiler: gcc -pthread -fno-strict-aliasing -DNDEBUG -g -fwrapv -O2 -Wall -Wstrict-prototypes -fPIC
    
    compile options: '-Inumpy/core/src/private -Inumpy/core/src -Inumpy/core -Inumpy/core/src/npymath -Inumpy/core/src/multiarray -Inumpy/core/src/umath -Inumpy/core/src/npysort -Inumpy/core/include -I/usr/include/python2.7 -c'
    gcc: _configtest.c
    _configtest.c:3:5: warning: function declaration isn't a prototype [-Wstrict-prototypes]
    _configtest.c: In function 'main':
    _configtest.c:5:16: warning: variable 'test_array' set but not used [-Wunused-but-set-variable]
    removing: _configtest.c _configtest.o
    C compiler: gcc -pthread -fno-strict-aliasing -DNDEBUG -g -fwrapv -O2 -Wall -Wstrict-prototypes -fPIC
    
    compile options: '-Inumpy/core/src/private -Inumpy/core/src -Inumpy/core -Inumpy/core/src/npymath -Inumpy/core/src/multiarray -Inumpy/core/src/umath -Inumpy/core/src/npysort -Inumpy/core/include -I/usr/include/python2.7 -c'
    gcc: _configtest.c
    _configtest.c:3:5: warning: function declaration isn't a prototype [-Wstrict-prototypes]
    _configtest.c: In function 'main':
    _configtest.c:5:16: warning: variable 'test_array' set but not used [-Wunused-but-set-variable]
    removing: _configtest.c _configtest.o
    C compiler: gcc -pthread -fno-strict-aliasing -DNDEBUG -g -fwrapv -O2 -Wall -Wstrict-prototypes -fPIC
    
    compile options: '-Inumpy/core/src/private -Inumpy/core/src -Inumpy/core -Inumpy/core/src/npymath -Inumpy/core/src/multiarray -Inumpy/core/src/umath -Inumpy/core/src/npysort -Inumpy/core/include -I/usr/include/python2.7 -c'
    gcc: _configtest.c
    _configtest.c:3:5: warning: function declaration isn't a prototype [-Wstrict-prototypes]
    _configtest.c: In function 'main':
    _configtest.c:5:16: warning: variable 'test_array' set but not used [-Wunused-but-set-variable]
    removing: _configtest.c _configtest.o
    C compiler: gcc -pthread -fno-strict-aliasing -DNDEBUG -g -fwrapv -O2 -Wall -Wstrict-prototypes -fPIC
    
    compile options: '-Inumpy/core/src/private -Inumpy/core/src -Inumpy/core -Inumpy/core/src/npymath -Inumpy/core/src/multiarray -Inumpy/core/src/umath -Inumpy/core/src/npysort -Inumpy/core/include -I/usr/include/python2.7 -c'
    gcc: _configtest.c
    _configtest.c:5:5: warning: function declaration isn't a prototype [-Wstrict-prototypes]
    _configtest.c: In function 'main':
    _configtest.c:7:16: warning: variable 'test_array' set but not used [-Wunused-but-set-variable]
    removing: _configtest.c _configtest.o
    C compiler: gcc -pthread -fno-strict-aliasing -DNDEBUG -g -fwrapv -O2 -Wall -Wstrict-prototypes -fPIC
    
    compile options: '-Inumpy/core/src/private -Inumpy/core/src -Inumpy/core -Inumpy/core/src/npymath -Inumpy/core/src/multiarray -Inumpy/core/src/umath -Inumpy/core/src/npysort -Inumpy/core/include -I/usr/include/python2.7 -c'
    gcc: _configtest.c
    _configtest.c:5:5: warning: function declaration isn't a prototype [-Wstrict-prototypes]
    _configtest.c: In function 'main':
    _configtest.c:7:16: warning: variable 'test_array' set but not used [-Wunused-but-set-variable]
    removing: _configtest.c _configtest.o
    C compiler: gcc -pthread -fno-strict-aliasing -DNDEBUG -g -fwrapv -O2 -Wall -Wstrict-prototypes -fPIC
    
    compile options: '-Inumpy/core/src/private -Inumpy/core/src -Inumpy/core -Inumpy/core/src/npymath -Inumpy/core/src/multiarray -Inumpy/core/src/umath -Inumpy/core/src/npysort -Inumpy/core/include -I/usr/include/python2.7 -c'
    gcc: _configtest.c
    _configtest.c:4:5: warning: function declaration isn't a prototype [-Wstrict-prototypes]
    success!
    removing: _configtest.c _configtest.o
    C compiler: gcc -pthread -fno-strict-aliasing -DNDEBUG -g -fwrapv -O2 -Wall -Wstrict-prototypes -fPIC
    
    compile options: '-Inumpy/core/src/private -Inumpy/core/src -Inumpy/core -Inumpy/core/src/npymath -Inumpy/core/src/multiarray -Inumpy/core/src/umath -Inumpy/core/src/npysort -Inumpy/core/include -I/usr/include/python2.7 -c'
    gcc: _configtest.c
    _configtest.c:5:5: warning: function declaration isn't a prototype [-Wstrict-prototypes]
    _configtest.c: In function 'main':
    _configtest.c:7:16: warning: variable 'test_array' set but not used [-Wunused-but-set-variable]
    removing: _configtest.c _configtest.o
    C compiler: gcc -pthread -fno-strict-aliasing -DNDEBUG -g -fwrapv -O2 -Wall -Wstrict-prototypes -fPIC
    
    compile options: '-Inumpy/core/src/private -Inumpy/core/src -Inumpy/core -Inumpy/core/src/npymath -Inumpy/core/src/multiarray -Inumpy/core/src/umath -Inumpy/core/src/npysort -Inumpy/core/include -I/usr/include/python2.7 -c'
    gcc: _configtest.c
    _configtest.c:5:5: warning: function declaration isn't a prototype [-Wstrict-prototypes]
    _configtest.c: In function 'main':
    _configtest.c:7:16: warning: variable 'test_array' set but not used [-Wunused-but-set-variable]
    removing: _configtest.c _configtest.o
    C compiler: gcc -pthread -fno-strict-aliasing -DNDEBUG -g -fwrapv -O2 -Wall -Wstrict-prototypes -fPIC
    
    compile options: '-Inumpy/core/src/private -Inumpy/core/src -Inumpy/core -Inumpy/core/src/npymath -Inumpy/core/src/multiarray -Inumpy/core/src/umath -Inumpy/core/src/npysort -Inumpy/core/include -I/usr/include/python2.7 -c'
    gcc: _configtest.c
    _configtest.c:3:5: warning: function declaration isn't a prototype [-Wstrict-prototypes]
    _configtest.c: In function 'main':
    _configtest.c:5:16: warning: variable 'test_array' set but not used [-Wunused-but-set-variable]
    removing: _configtest.c _configtest.o
    C compiler: gcc -pthread -fno-strict-aliasing -DNDEBUG -g -fwrapv -O2 -Wall -Wstrict-prototypes -fPIC
    
    compile options: '-Inumpy/core/src/private -Inumpy/core/src -Inumpy/core -Inumpy/core/src/npymath -Inumpy/core/src/multiarray -Inumpy/core/src/umath -Inumpy/core/src/npysort -Inumpy/core/include -I/usr/include/python2.7 -c'
    gcc: _configtest.c
    _configtest.c:3:5: warning: function declaration isn't a prototype [-Wstrict-prototypes]
    _configtest.c: In function 'main':
    _configtest.c:5:16: warning: variable 'test_array' set but not used [-Wunused-but-set-variable]
    removing: _configtest.c _configtest.o
    C compiler: gcc -pthread -fno-strict-aliasing -DNDEBUG -g -fwrapv -O2 -Wall -Wstrict-prototypes -fPIC
    
    compile options: '-Inumpy/core/src/private -Inumpy/core/src -Inumpy/core -Inumpy/core/src/npymath -Inumpy/core/src/multiarray -Inumpy/core/src/umath -Inumpy/core/src/npysort -Inumpy/core/include -I/usr/include/python2.7 -c'
    gcc: _configtest.c
    _configtest.c:4:5: warning: function declaration isn't a prototype [-Wstrict-prototypes]
    success!
    removing: _configtest.c _,6385:0configtest.o
    C compiler: gcc -pthread -fno-strict-aliasing -DNDEBUG -g -fwrapv -O2 -Wall -Wstrict-prototypes -fPIC
    
    compile options: '-Inumpy/core/src/private -Inumpy/core/src -Inumpy/core -Inumpy/core/src/npymath -Inumpy/core/src/multiarray -Inumpy/core/src/umath -Inumpy/core/src/npysort -Inumpy/core/include -I/usr/include/python2.7 -c'
    gcc: _configtest.c
    _configtest.c:1:5: warning: conflicting types for built-in function 'exp' [enabled by default]
    gcc -pthread _configtest.o -o _configtest
    _configtest.o: In function `main':
    /home/buildslave/nd-bb-slave-sparc-wheezy/statsmodels-py2_x-wheezy-sparc/build/venv/build/numpy/_configtest.c:6: undefined reference to `exp'
    collect2: ld returned 1 exit status
    _configtest.o: In function `main':
    /home/buildslave/nd-bb-slave-sparc-wheezy/statsmodels-py2_x-wheezy-sparc/build/venv/build/numpy/_configtest.c:6: undefined reference to `exp'
    collect2: ld returned 1 exit status
    failure.
    removing: _configtest.c _configtest.o
    C compiler: gcc -pthread -fno-strict-aliasing -DNDEBUG -g -fwrapv -O2 -Wall -Wstrict-prototypes -fPIC
    
    compile options: '-Inumpy/core/src/private -Inumpy/core/src -Inumpy/core -Inumpy/core/src/npymath -Inumpy/core/src/multiarray -Inumpy/core/src/umath -Inumpy/core/src/npysort -Inumpy/core/include -I/usr/include/python2.7 -c'
    gcc: _configtest.c
    _configtest.c:1:5: warning: conflicting types for built-in function 'exp' [enabled by default]
    gcc -pthread _configtest.o -lm -o _configtest
    success!
    removing: _configtest.c _configtest.o _configtest
    C compiler: gcc -pthread -fno-strict-aliasing -DNDEBUG -g -fwrapv -O2 -Wall -Wstrict-prototypes -fPIC
    
    compile options: '-Inumpy/core/src/private -Inumpy/core/src -Inumpy/core -Inumpy/core/src/npymath -Inumpy/core/src/multiarray -Inumpy/core/src/umath -Inumpy/core/src/npysort -Inumpy/core/include -I/usr/include/python2.7 -c'
    gcc: _configtest.c
    _configtest.c:1:5: warning: conflicting types for built-in function 'asin' [enabled by default]
    _configtest.c:2:5: warning: conflicting types for built-in function 'cos' [enabled by default]
    _configtest.c:3:5: warning: conflicting types for built-in function 'log' [enabled by default]
    _configtest.c:4:5: warning: conflicting types for built-in function 'fabs' [enabled by default]
    _configtest.c:5:5: warning: conflicting types for built-in function 'tanh' [enabled by default]
    _configtest.c:6:5: warning: conflicting types for built-in function 'atan' [enabled by default]
    _configtest.c:7:5: warning: conflicting types for built-in function 'acos' [enabled by default]
    _configtest.c:8:5: warning: conflicting types for built-in function 'floor' [enabled by default]
    _configtest.c:9:5: warning: conflicting types for built-in function 'fmod' [enabled by default]
    _configtest.c:10:5: warning: conflicting types for built-in function 'sqrt' [enabled by default]
    _configtest.c:11:5: warning: conflicting types for built-in function 'cosh' [enabled by default]
    _configtest.c:12:5: warning: conflicting types for built-in function 'modf' [enabled by default]
    _configtest.c:13:5: warning: conflicting types for built-in function 'sinh' [enabled by default]
    _configtest.c:14:5: warning: conflicting types for built-in function 'frexp' [enabled by default]
    _configtest.c:15:5: warning: conflicting types for built-in function 'exp' [enabled by default]
    _configtest.c:16:5: warning: conflicting types for built-in function 'tan' [enabled by default]
    _configtest.c:17:5: warning: conflicting types for built-in function 'ceil' [enabled by default]
    _configtest.c:18:5: warning: conflicting types for built-in function 'log10' [enabled by default]
    _configtest.c:19:5: warning: conflicting types for built-in function 'sin' [enabled by default]
    _configtest.c:20:5: warning: conflicting types for built-in function 'ldexp' [enabled by default]
    gcc -pthread _configtest.o -lm -o _configtest
    success!
    removing: _configtest.c _configtest.o _configtest
    C compiler: gcc -pthread -fno-strict-aliasing -DNDEBUG -g -fwrapv -O2 -Wall -Wstrict-prototypes -fPIC
    
    compile options: '-Inumpy/core/src/private -Inumpy/core/src -Inumpy/core -Inumpy/core/src/npymath -Inumpy/core/src/multiarray -Inumpy/core/src/umath -Inumpy/core/src/npysort -Inumpy/core/include -I/usr/include/python2.7 -c'
    gcc: _configtest.c
    _configtest.c:5:5: warning: function declaration isn't a prototype [-Wstrict-prototypes]
    success!
    removing: _configtest.c _configtest.o
    C compiler: gcc -pthread -fno-strict-aliasing -DNDEBUG -g -fwrapv -O2 -Wall -Wstrict-prototypes -fPIC
    
    compile options: '-Inumpy/core/src/private -Inumpy/core/src -Inumpy/core -Inumpy/core/src/npymath -Inumpy/core/src/multiarray -Inumpy/core/src/umath -Inumpy/core/src/npysort -Inumpy/core/include -I/usr/include/python2.7 -c'
    gcc: _configtest.c
    _configtest.c:5:5: warning: function declaration isn't a prototype [-Wstrict-prototypes]
    success!
    removing: _configtest.c _configtest.o
    C compiler: gcc -pthread -fno-strict-aliasing -DNDEBUG -g -fwrapv -O2 -Wall -Wstrict-prototypes -fPIC
    
    compile options: '-Inumpy/core/src/private -Inumpy/core/src -Inumpy/core -Inumpy/core/src/npymath -Inumpy/core/src/multiarray -Inumpy/core/src/umath -Inumpy/core/src/npysort -Inumpy/core/include -I/usr/include/python2.7 -c'
    gcc: _configtest.c
    _configtest.c:5:5: warning: function declaration isn't a prototype [-Wstrict-prototypes]
    success!
    removing: _configtest.c _configtest.o
    C compiler: gcc -pthread -fno-strict-aliasing -DNDEBUG -g -fwrapv -O2 -Wall -Wstrict-prototypes -fPIC
    
    compile options: '-Inumpy/core/src/private -Inumpy/core/src -Inumpy/core -Inumpy/core/src/npymath -Inumpy/core/src/multiarray -Inumpy/core/src/umath -Inumpy/core/src/npysort -Inumpy/core/include -I/usr/include/python2.7 -c'
    gcc: _configtest.c
    _configtest.c:5:5: warning: function declaration isn't a prototype [-Wstrict-prototypes]
    success!
    removing: _configtest.c _configtest.o
    C compiler: gcc -pthread -fno-strict-aliasing -DNDEBUG -g -fwrapv -O2 -Wall -Wstrict-prototypes -fPIC
    
    compile options: '-Inumpy/core/src/private -Inumpy/core/src -Inumpy/core -Inumpy/core/src/npymath -Inumpy/core/src/multiarray -Inumpy/cor,10001:0e/src/umath -Inumpy/core/src/npysort -Inumpy/core/include -I/usr/include/python2.7 -c'
    gcc: _configtest.c
    _configtest.c:5:5: warning: function declaration isn't a prototype [-Wstrict-prototypes]
    success!
    removing: _configtest.c _configtest.o
    C compiler: gcc -pthread -fno-strict-aliasing -DNDEBUG -g -fwrapv -O2 -Wall -Wstrict-prototypes -fPIC
    
    compile options: '-Inumpy/core/src/private -Inumpy/core/src -Inumpy/core -Inumpy/core/src/npymath -Inumpy/core/src/multiarray -Inumpy/core/src/umath -Inumpy/core/src/npysort -Inumpy/core/include -I/usr/include/python2.7 -c'
    gcc: _configtest.c
    _configtest.c:5:5: warning: function declaration isn't a prototype [-Wstrict-prototypes]
    success!
    removing: _configtest.c _configtest.o
    C compiler: gcc -pthread -fno-strict-aliasing -DNDEBUG -g -fwrapv -O2 -Wall -Wstrict-prototypes -fPIC
    
    compile options: '-Inumpy/core/src/private -Inumpy/core/src -Inumpy/core -Inumpy/core/src/npymath -Inumpy/core/src/multiarray -Inumpy/core/src/umath -Inumpy/core/src/npysort -Inumpy/core/include -I/usr/include/python2.7 -c'
    gcc: _configtest.c
    _configtest.c:5:5: warning: function declaration isn't a prototype [-Wstrict-prototypes]
    success!
    removing: _configtest.c _configtest.o
    C compiler: gcc -pthread -fno-strict-aliasing -DNDEBUG -g -fwrapv -O2 -Wall -Wstrict-prototypes -fPIC
    
    compile options: '-Inumpy/core/src/private -Inumpy/core/src -Inumpy/core -Inumpy/core/src/npymath -Inumpy/core/src/multiarray -Inumpy/core/src/umath -Inumpy/core/src/npysort -Inumpy/core/include -I/usr/include/python2.7 -c'
    gcc: _configtest.c
    _configtest.c:1:5: warning: conflicting types for built-in function 'log2' [enabled by default]
    _configtest.c:2:5: warning: conflicting types for built-in function 'pow' [enabled by default]
    _configtest.c:3:5: warning: conflicting types for built-in function 'exp2' [enabled by default]
    _configtest.c:4:5: warning: conflicting types for built-in function 'atan2' [enabled by default]
    _configtest.c:5:5: warning: conflicting types for built-in function 'rint' [enabled by default]
    _configtest.c:6:5: warning: conflicting types for built-in function 'nextafter' [enabled by default]
    _configtest.c:7:5: warning: conflicting types for built-in function 'trunc' [enabled by default]
    gcc -pthread _configtest.o -lm -o _configtest
    success!
    removing: _configtest.c _configtest.o _configtest
    C compiler: gcc -pthread -fno-strict-aliasing -DNDEBUG -g -fwrapv -O2 -Wall -Wstrict-prototypes -fPIC
    
    compile options: '-Inumpy/core/src/private -Inumpy/core/src -Inumpy/core -Inumpy/core/src/npymath -Inumpy/core/src/multiarray -Inumpy/core/src/umath -Inumpy/core/src/npysort -Inumpy/core/include -I/usr/include/python2.7 -c'
    gcc: _configtest.c
    _configtest.c:1:5: warning: conflicting types for built-in function 'cosf' [enabled by default]
    _configtest.c:2:5: warning: conflicting types for built-in function 'coshf' [enabled by default]
    _configtest.c:3:5: warning: conflicting types for built-in function 'rintf' [enabled by default]
    _configtest.c:4:5: warning: conflicting types for built-in function 'fabsf' [enabled by default]
    _configtest.c:5:5: warning: conflicting types for built-in function 'floorf' [enabled by default]
    _configtest.c:6:5: warning: conflicting types for built-in function 'nextafterf' [enabled by default]
    _configtest.c:7:5: warning: conflicting types for built-in function 'tanhf' [enabled by default]
    _configtest.c:8:5: warning: conflicting types for built-in function 'log10f' [enabled by default]
    _configtest.c:9:5: warning: conflicting types for built-in function 'logf' [enabled by default]
    _configtest.c:10:5: warning: conflicting types for built-in function 'sinhf' [enabled by default]
    _configtest.c:11:5: warning: conflicting types for built-in function 'acosf' [enabled by default]
    _configtest.c:12:5: warning: conflicting types for built-in function 'sqrtf' [enabled by default]
    _configtest.c:13:5: warning: conflicting types for built-in function 'ldexpf' [enabled by default]
    _configtest.c:14:5: warning: conflicting types for built-in function 'hypotf' [enabled by default]
    _configtest.c:15:5: warning: conflicting types for built-in function 'log2f' [enabled by default]
    _configtest.c:16:5: warning: conflicting types for built-in function 'exp2f' [enabled by default]
    _configtest.c:17:5: warning: conflicting types for built-in function 'atanf' [enabled by default]
    _configtest.c:18:5: warning: conflicting types for built-in function 'fmodf' [enabled by default]
    _configtest.c:19:5: warning: conflicting types for built-in function 'atan2f' [enabled by default]
    _configtest.c:20:5: warning: conflicting types for built-in function 'modff' [enabled by default]
    _configtest.c:21:5: warning: conflicting types for built-in function 'ceilf' [enabled by default]
    _configtest.c:22:5: warning: conflicting types for built-in function 'log1pf' [enabled by default]
    _configtest.c:23:5: warning: conflicting types for built-in function 'asinf' [enabled by default]
    _configtest.c:24:5: warning: conflicting types for built-in function 'copysignf' [enabled by default]
    _configtest.c:25:5: warning: conflicting types for built-in function 'acoshf' [enabled by default]
    _configtest.c:26:5: warning: conflicting types for built-in function 'sinf' [enabled by default]
    _configtest.c:27:5: warning: conflicting types for built-in function 'tanf' [enabled by default]
    _configtest.c:28:5: warning: conflicting types for built-in function 'atanhf' [enabled by default]
    _configtest.c:29:5: warning: conflicting types for built-in function 'truncf' [enabled by default]
    _configtest.c:30:5: warning: conflicting types for built-in function 'asinhf' [enabled by default]
    _configtest.c:31:5: warning: conflicting types for built-in function 'frexpf' [enabled by default]
    _configtest.c:32:5: warning: conflicting types for built-in function 'powf' [enabled by default]
    _configtest.c:33:5: warning: conflicting types for built-in function 'expf' [enabled by default]
    _configtest.c:34:5: warning: conflicting types for built-in function 'expm1f' [enabled by default]
    gcc -pthread _configtest.o -lm -o _configtest
    success!
    removing: _configtest.c _configtest.o _configtest
    C compiler: gcc -pthread -fno-strict-aliasing -DNDEBUG -g -fwrapv -O2 -Wall -Wstrict-prototypes -fPIC
    
    compile options: '-Inumpy/core/src/private -Inumpy/core/src -Inumpy/core -Inumpy/core/src/npymath -Inumpy/core/src/multiarray -Inumpy/core/src/umath -Inumpy/core/src/npysort -Inumpy/core/include -I/usr/include/python2.7 -c'
    gcc: _configtest.c
    _configtest.c:1:5: warning: conflicting types for built-in function 'tanhl' [enabled by default]
    _configtest.c:2:5: warning: conflicting types for built-in function 'log10l' [enabled by default]
    _configtest.c:3:5: warning: conflicting types for built-in function 'nextafterl' [enabled by default]
    _configtest.c:4:5: warning: conflicting types for built-in function 'coshl' [enabled by default]
    _configtest.c:5:5: warning: conflicting types for built-in function 'cosl' [enabled by default]
    _configtest.c:6:5: warning: conflicting types for built-in function 'floorl' [enabled by default]
    _configtest.c:7:5: warning: conflicting types for built-in function 'rintl' [enabled by default]
    _configtest.c:8:5: warning: conflicting types for built-in function 'fabsl' [enabled by default]
    _configtest.c:9:5: warning: conflicting types for built-in function 'acosl' [enabled by default]
    _configtest.c:10:5: warning: conflicting types for built-in function 'ldexpl' [enabled by default]
    _configtest.c:11:5: warning: conflicting types for built-in function 'sqrtl' [enabled by default]
    _configtest.c:12:5: warning: conflicting types for built-in function 'logl' [enabled by default]
    _configtest.c:13:5: warning: conflicting types for built-in function 'expm1l' [enabled by default]
    _configtest.c:14:5: warning: conflicting types for built-in function 'hypotl' [enabled by default]
    _configtest.c:15:5: warning: conflicting types for built-in function 'log2l' [enabled by default]
    _configtest.c:16:5: warning: conflicting types for built-in function 'copysignl' [enabled by default]
    _configtest.c:17:5: warning: conflicting types for built-in function 'exp2l' [enabled by default]
    _configtest.c:18:5: warning: conflicting types for built-in function 'atanl' [enabled by default]
    _configtest.c:19:5: warning: conflicting types for built-in function 'frexpl' [enabled by default]
    _configtest.c:20:5: warning: conflicting types for built-in function 'atan2l' [enabled by default]
    _configtest.c:21:5: warning: conflicting types for built-in function 'sinhl' [enabled by default]
    _configtest.c:22:5: warning: conflicting types for built-in function 'fmodl' [enabled by default]
    _configtest.c:23:5: warning: conflicting types for built-in function 'log1pl' [enabled by default]
    _configtest.c:24:5: warning: conflicting types for built-in function 'asinl' [enabled by default]
    _configtest.c:25:5: warning: conflicting types for built-in function 'ceill' [enabled by default]
    _configtest.c:26:5: warning: conflicting types for built-in function 'sinl' [enabled by default]
    _configtest.c:27:5: warning: conflicting types for built-in function 'acoshl' [enabled by default]
    _configtest.c:28:5: warning: conflicting types for built-in function 'atanhl' [enabled by default]
    _configtest.c:29:5: warning: conflicting types for built-in function 'tanl' [enabled by default]
    _configtest.c:30:5: warning: conflicting types for built-in function 'truncl' [enabled by default]
    _configtest.c:31:5: warning: conflicting types for built-in function 'powl' [enabled by default]
    _configtest.c:32:5: warning: conflicting types for,10001:0 built-in function 'expl' [enabled by default]
    _configtest.c:33:5: warning: conflicting types for built-in function 'modfl' [enabled by default]
    _configtest.c:34:5: warning: conflicting types for built-in function 'asinhl' [enabled by default]
    gcc -pthread _configtest.o -lm -o _configtest
    success!
    removing: _configtest.c _configtest.o _configtest
    C compiler: gcc -pthread -fno-strict-aliasing -DNDEBUG -g -fwrapv -O2 -Wall -Wstrict-prototypes -fPIC
    
    compile options: '-Inumpy/core/src/private -Inumpy/core/src -Inumpy/core -Inumpy/core/src/npymath -Inumpy/core/src/multiarray -Inumpy/core/src/umath -Inumpy/core/src/npysort -Inumpy/core/include -I/usr/include/python2.7 -c'
    gcc: _configtest.c
    _configtest.c:5:5: warning: function declaration isn't a prototype [-Wstrict-prototypes]
    success!
    removing: _configtest.c _configtest.o
    C compiler: gcc -pthread -fno-strict-aliasing -DNDEBUG -g -fwrapv -O2 -Wall -Wstrict-prototypes -fPIC
    
    compile options: '-Inumpy/core/src/private -Inumpy/core/src -Inumpy/core -Inumpy/core/src/npymath -Inumpy/core/src/multiarray -Inumpy/core/src/umath -Inumpy/core/src/npysort -Inumpy/core/include -I/usr/include/python2.7 -c'
    gcc: _configtest.c
    _configtest.c:5:5: warning: function declaration isn't a prototype [-Wstrict-prototypes]
    success!
    removing: _configtest.c _configtest.o
    C compiler: gcc -pthread -fno-strict-aliasing -DNDEBUG -g -fwrapv -O2 -Wall -Wstrict-prototypes -fPIC
    
    compile options: '-Inumpy/core/src/private -Inumpy/core/src -Inumpy/core -Inumpy/core/src/npymath -Inumpy/core/src/multiarray -Inumpy/core/src/umath -Inumpy/core/src/npysort -Inumpy/core/include -I/usr/include/python2.7 -c'
    gcc: _configtest.c
    _configtest.c:5:5: warning: function declaration isn't a prototype [-Wstrict-prototypes]
    success!
    removing: _configtest.c _configtest.o
    C compiler: gcc -pthread -fno-strict-aliasing -DNDEBUG -g -fwrapv -O2 -Wall -Wstrict-prototypes -fPIC
    
    compile options: '-Inumpy/core/src/private -Inumpy/core/src -Inumpy/core -Inumpy/core/src/npymath -Inumpy/core/src/multiarray -Inumpy/core/src/umath -Inumpy/core/src/npysort -Inumpy/core/include -I/usr/include/python2.7 -c'
    gcc: _configtest.c
    _configtest.c:5:5: warning: function declaration isn't a prototype [-Wstrict-prototypes]
    success!
    removing: _configtest.c _configtest.o
    C compiler: gcc -pthread -fno-strict-aliasing -DNDEBUG -g -fwrapv -O2 -Wall -Wstrict-prototypes -fPIC
    
    compile options: '-Inumpy/core/src/private -Inumpy/core/src -Inumpy/core -Inumpy/core/src/npymath -Inumpy/core/src/multiarray -Inumpy/core/src/umath -Inumpy/core/src/npysort -Inumpy/core/include -I/usr/include/python2.7 -c'
    gcc: _configtest.c
    _configtest.c:5:5: warning: function declaration isn't a prototype [-Wstrict-prototypes]
    _configtest.c: In function 'main':
    _configtest.c:8:12: error: 'HAVE_DECL_SIGNBIT' undeclared (first use in this function)
    _configtest.c:8:12: note: each undeclared identifier is reported only once for each function it appears in
    _configtest.c:5:5: warning: function declaration isn't a prototype [-Wstrict-prototypes]
    _configtest.c: In function 'main':
    _configtest.c:8:12: error: 'HAVE_DECL_SIGNBIT' undeclared (first use in this function)
    _configtest.c:8:12: note: each undeclared identifier is reported only once for each function it appears in
    failure.
    removing: _configtest.c _configtest.o
    C compiler: gcc -pthread -fno-strict-aliasing -DNDEBUG -g -fwrapv -O2 -Wall -Wstrict-prototypes -fPIC
    
    compile options: '-Inumpy/core/src/private -Inumpy/core/src -Inumpy/core -Inumpy/core/src/npymath -Inumpy/core/src/multiarray -Inumpy/core/src/umath -Inumpy/core/src/npysort -Inumpy/core/include -I/usr/include/python2.7 -c'
    gcc: _configtest.c
    _configtest.c:5:5: warning: function declaration isn't a prototype [-Wstrict-prototypes]
    success!
    removing: _configtest.c _configtest.o
    C compiler: gcc -pthread -fno-strict-aliasing -DNDEBUG -g -fwrapv -O2 -Wall -Wstrict-prototypes -fPIC
    
    compile options: '-Inumpy/core/src/private -Inumpy/core/src -Inumpy/core -Inumpy/core/src/npymath -Inumpy/core/src/multiarray -Inumpy/core/src/umath -Inumpy/core/src/npysort -Inumpy/core/include -I/usr/include/python2.7 -c'
    gcc: _configtest.c
    _configtest.c:5:5: warning: function declaration isn't a prototype [-Wstrict-prototypes]
    success!
    removing: _configtest.c _configtest.o
    C compiler: gcc -pthread -fno-strict-aliasing -DNDEBUG -g -fwrapv -O2 -Wall -Wstrict-prototypes -fPIC
    
    compile options: '-Inumpy/core/src/private -Inumpy/core/src -Inumpy/core -Inumpy/core/src/npymath -Inumpy/core/src/multiarray -Inumpy/core/src/umath -Inumpy/core/src/npysort -Inumpy/core/include -I/usr/include/python2.7 -c'
    gcc: _configtest.c
    _configtest.c:5:5: warning: function declaration isn't a prototype [-Wstrict-prototypes]
    success!
    removing: _configtest.c _configtest.o
    C compiler: gcc -pthread -fno-strict-aliasing -DNDEBUG -g -fwrapv -O2 -Wall -Wstrict-prototypes -fPIC
    
    compile options: '-Inumpy/core/src/private -Inumpy/core/src -Inumpy/core -Inumpy/core/src/npymath -Inumpy/core/src/multiarray -Inumpy/core/src/umath -Inumpy/core/src/npysort -Inumpy/core/include -I/usr/include/python2.7 -c'
    gcc: _configtest.c
    success!
    removing: _configtest.c _configtest.o
    C compiler: gcc -pthread -fno-strict-aliasing -DNDEBUG -g -fwrapv -O2 -Wall -Wstrict-prototypes -fPIC
    
    compile options: '-Inumpy/core/src/private -Inumpy/core/src -Inumpy/core -Inumpy/core/src/npymath -Inumpy/core/src/multiarray -Inumpy/core/src/umath -Inumpy/core/src/npysort -Inumpy/core/include -I/usr/include/python2.7 -c'
    gcc: _configtest.c
    _configtest.c:4:5: warning: function declaration isn't a prototype [-Wstrict-prototypes]
    removing: _configtest.c _configtest.o
    C compiler: gcc -pthread -fno-strict-aliasing -DNDEBUG -g -fwrapv -O2 -Wall -Wstrict-prototypes -fPIC
    
    compile options: '-Inumpy/core/src/private -Inumpy/core/src -Inumpy/core -Inumpy/core/src/npymath -Inumpy/core/src/multiarray -Inumpy/core/src/umath -Inumpy/core/src/npysort -Inumpy/core/include -I/usr/include/python2.7 -c'
    gcc: _configtest.c
    _configtest.c:4:5: warning: function declaration isn't a prototype [-Wstrict-prototypes]
    removing: _configtest.c _configtest.o
    C compiler: gcc -pthread -fno-strict-aliasing -DNDEBUG -g -fwrapv -O2 -Wall -Wstrict-prototypes -fPIC
    
    compile options: '-Inumpy/core/src/private -Inumpy/core/src -Inumpy/core -Inumpy/core/src/npymath -Inumpy/core/src/multiarray -Inumpy/core/src/umath -Inumpy/core/src/npysort -Inumpy/core/include -I/usr/include/python2.7 -c'
    gcc: _configtest.c
    _configtest.c:4:5: warning: function declaration isn't a prototype [-Wstrict-prototypes]
    removing: _configtest.c _configtest.o
    C compiler: gcc -pthread -fno-strict-aliasing -DNDEBUG -g -fwrapv -O2 -Wall -Wstrict-prototypes -fPIC
    
    compile options: '-Inumpy/core/src/private -Inumpy/core/src -Inumpy/core -Inumpy/core/src/npymath -Inumpy/core/src/multiarray -Inumpy/core/src/umath -Inumpy/core/src/npysort -Inumpy/core/include -I/usr/include/python2.7 -c'
    gcc: _configtest.c
    _configtest.c:1:5: warning: conflicting types for built-in function 'cexp' [enabled by default]
    _configtest.c:2:5: warning: conflicting types for built-in function 'clog' [enabled by default]
    _configtest.c:3:5: warning: conflicting types for built-in function 'ccos' [enabled by default]
    _configtest.c:4:5: warning: conflicting types for built-in function 'cimag' [enabled by default]
    _configtest.c:5:5: warning: conflicting types for built-in function 'cabs' [enabled by default]
    _configtest.c:6:5: warning: conflicting types for built-in function 'cpow' [enabled by default]
    _configtest.c:7:5: warning: conflicting types for built-in function 'csqrt' [enabled by default]
    _configtest.c:8:5: warning: conflicting types for built-in function 'carg' [enabled by default]
    _configtest.c:9:5: warning: conflicting types for built-in function 'creal' [enabled by default]
    _configtest.c:10:5: warning: conflicting types for built-in function 'csin' [enabled by default]
    gcc -pthread _configtest.o -lm -o _configtest
    success!
    removing: _configtest.c _configtest.o _configtest
    C compiler: gcc -pthread -fno-strict-aliasing -DNDEBUG -g -fwrapv -O2 -Wall -Wstrict-prototypes -fPIC
    
    compile options: '-Inumpy/core/src/private -Inumpy/core/src -Inumpy/core -Inumpy/core/src/npymath -Inumpy/core/src/multiarray -Inumpy/core/src/umath -Inumpy/core/src/npysort -Inumpy/core/include -I/usr/include/python2.7 -c'
    gcc: _configtest.c
    _configtest.c:1:5: warning: conflicting types for built-in function 'ccosf' [enabled by default]
    _configtest.c:2:5: warning: conflicting types for built-in function 'cargf' [enabled by default]
    _configtest.c:3:5: warning: conflicting types for built-in function 'csqrtf' [enabled by default]
    _configtest.c:4:5: warning: conflicting types for built-in function 'cpowf' [enabled by default]
    _configtest.c:5:5: warning: conflicting types for built-in function 'cexpf' [enabled by default]
    _configtest.c:6:5: warning: conflicting types for built-in function 'crealf' [enabled by default]
    _configtest.c:7:5: warning: conflicting types for built-in function 'csinf' [enabled by default]
    _configtest.c:8:5: warning: conflicting types for built-in function 'cabsf' [enabled by default]
    _configtest.c:9:5: warning: conflicting types for built-in function 'clogf' [enabled by default]
    _configtest.c:10:5: warning: conflicting types for built-in function 'cimagf' [enabled by default]
    gcc -pthread _configtest.o -lm -o _configtest
    success!
    removing: _configtest.c _configtest.o _configtest
    C compiler: gcc -pthread -fno-strict-aliasing -DNDEBUG -g -fwrapv -O2 -Wall -Wstrict-pro,4577:0totypes -fPIC
    
    compile options: '-Inumpy/core/src/private -Inumpy/core/src -Inumpy/core -Inumpy/core/src/npymath -Inumpy/core/src/multiarray -Inumpy/core/src/umath -Inumpy/core/src/npysort -Inumpy/core/include -I/usr/include/python2.7 -c'
    gcc: _configtest.c
    _configtest.c:1:5: warning: conflicting types for built-in function 'csqrtl' [enabled by default]
    _configtest.c:2:5: warning: conflicting types for built-in function 'cargl' [enabled by default]
    _configtest.c:3:5: warning: conflicting types for built-in function 'cexpl' [enabled by default]
    _configtest.c:4:5: warning: conflicting types for built-in function 'ccosl' [enabled by default]
    _configtest.c:5:5: warning: conflicting types for built-in function 'cpowl' [enabled by default]
    _configtest.c:6:5: warning: conflicting types for built-in function 'cimagl' [enabled by default]
    _configtest.c:7:5: warning: conflicting types for built-in function 'csinl' [enabled by default]
    _configtest.c:8:5: warning: conflicting types for built-in function 'creall' [enabled by default]
    _configtest.c:9:5: warning: conflicting types for built-in function 'clogl' [enabled by default]
    _configtest.c:10:5: warning: conflicting types for built-in function 'cabsl' [enabled by default]
    gcc -pthread _configtest.o -lm -o _configtest
    success!
    removing: _configtest.c _configtest.o _configtest
    C compiler: gcc -pthread -fno-strict-aliasing -DNDEBUG -g -fwrapv -O2 -Wall -Wstrict-prototypes -fPIC
    
    compile options: '-Inumpy/core/src/private -Inumpy/core/src -Inumpy/core -Inumpy/core/src/npymath -Inumpy/core/src/multiarray -Inumpy/core/src/umath -Inumpy/core/src/npysort -Inumpy/core/include -I/usr/include/python2.7 -c'
    gcc: _configtest.c
    success!
    removing: _configtest.c _configtest.o
    C compiler: gcc -pthread -fno-strict-aliasing -DNDEBUG -g -fwrapv -O2 -Wall -Wstrict-prototypes -fPIC
    
    compile options: '-Inumpy/core/src/private -Inumpy/core/src -Inumpy/core -Inumpy/core/src/npymath -Inumpy/core/src/multiarray -Inumpy/core/src/umath -Inumpy/core/src/npysort -Inumpy/core/include -I/usr/include/python2.7 -c'
    gcc: _configtest.c
    _configtest.c:4:5: warning: function declaration isn't a prototype [-Wstrict-prototypes]
    success!
    removing: _configtest.c _configtest.o
    C compiler: gcc -pthread -fno-strict-aliasing -DNDEBUG -g -fwrapv -O2 -Wall -Wstrict-prototypes -fPIC
    
    compile options: '-Inumpy/core/src/private -Inumpy/core/src -Inumpy/core -Inumpy/core/src/npymath -Inumpy/core/src/multiarray -Inumpy/core/src/umath -Inumpy/core/src/npysort -Inumpy/core/include -I/usr/include/python2.7 -c'
    gcc: _configtest.c
    removing: _configtest.c _configtest.o
    ('File:', 'build/src.linux-sparc64-2.7/numpy/core/include/numpy/config.h')
    #define HAVE_ENDIAN_H 1
    #define SIZEOF_PY_INTPTR_T 4
    #define SIZEOF_PY_LONG_LONG 8
    #define MATHLIB m
    #define HAVE_SIN 1
    #define HAVE_COS 1
    #define HAVE_TAN 1
    #define HAVE_SINH 1
    #define HAVE_COSH 1
    #define HAVE_TANH 1
    #define HAVE_FABS 1
    #define HAVE_FLOOR 1
    #define HAVE_CEIL 1
    #define HAVE_SQRT 1
    #define HAVE_LOG10 1
    #define HAVE_LOG 1
    #define HAVE_EXP 1
    #define HAVE_ASIN 1
    #define HAVE_ACOS 1
    #define HAVE_ATAN 1
    #define HAVE_FMOD 1
    #define HAVE_MODF 1
    #define HAVE_FREXP 1
    #define HAVE_LDEXP 1
    #define HAVE_RINT 1
    #define HAVE_TRUNC 1
    #define HAVE_EXP2 1
    #define HAVE_LOG2 1
    #define HAVE_ATAN2 1
    #define HAVE_POW 1
    #define HAVE_NEXTAFTER 1
    #define HAVE_SINF 1
    #define HAVE_COSF 1
    #define HAVE_TANF 1
    #define HAVE_SINHF 1
    #define HAVE_COSHF 1
    #define HAVE_TANHF 1
    #define HAVE_FABSF 1
    #define HAVE_FLOORF 1
    #define HAVE_CEILF 1
    #define HAVE_RINTF 1
    #define HAVE_TRUNCF 1
    #define HAVE_SQRTF 1
    #define HAVE_LOG10F 1
    #define HAVE_LOGF 1
    #define HAVE_LOG1PF 1
    #define HAVE_EXPF 1
    #define HAVE_EXPM1F 1
    #define HAVE_ASINF 1
    #define HAVE_ACOSF 1
    #define HAVE_ATANF 1
    #define HAVE_ASINHF 1
    #define HAVE_ACOSHF 1
    #define HAVE_ATANHF 1
    #define HAVE_HYPOTF 1
    #define HAVE_ATAN2F 1
    #define HAVE_POWF 1
    #define HAVE_FMODF 1
    #define HAVE_MODFF 1
    #define HAVE_FREXPF 1
    #define HAVE_LDEXPF 1
    #define HAVE_EXP2F 1
    #define HAVE_LOG2F 1
    #define HAVE_COPYSIGNF 1
    #define HAVE_NEXTAFTERF 1
    #define HAVE_SINL 1
    #define HAVE_COSL 1
    #define HAVE_TANL 1
    #define HAVE_SINHL 1
    #define HAVE_COSHL 1
    #def,10001:0ine HAVE_TANHL 1
    #define HAVE_FABSL 1
    #define HAVE_FLOORL 1
    #define HAVE_CEILL 1
    #define HAVE_RINTL 1
    #define HAVE_TRUNCL 1
    #define HAVE_SQRTL 1
    #define HAVE_LOG10L 1
    #define HAVE_LOGL 1
    #define HAVE_LOG1PL 1
    #define HAVE_EXPL 1
    #define HAVE_EXPM1L 1
    #define HAVE_ASINL 1
    #define HAVE_ACOSL 1
    #define HAVE_ATANL 1
    #define HAVE_ASINHL 1
    #define HAVE_ACOSHL 1
    #define HAVE_ATANHL 1
    #define HAVE_HYPOTL 1
    #define HAVE_ATAN2L 1
    #define HAVE_POWL 1
    #define HAVE_FMODL 1
    #define HAVE_MODFL 1
    #define HAVE_FREXPL 1
    #define HAVE_LDEXPL 1
    #define HAVE_EXP2L 1
    #define HAVE_LOG2L 1
    #define HAVE_COPYSIGNL 1
    #define HAVE_NEXTAFTERL 1
    #define HAVE_DECL_SIGNBIT
    #define HAVE_COMPLEX_H 1
    #define HAVE_CREAL 1
    #define HAVE_CIMAG 1
    #define HAVE_CABS 1
    #define HAVE_CARG 1
    #define HAVE_CEXP 1
    #define HAVE_CSQRT 1
    #define HAVE_CLOG 1
    #define HAVE_CCOS 1
    #define HAVE_CSIN 1
    #define HAVE_CPOW 1
    #define HAVE_CREALF 1
    #define HAVE_CIMAGF 1
    #define HAVE_CABSF 1
    #define HAVE_CARGF 1
    #define HAVE_CEXPF 1
    #define HAVE_CSQRTF 1
    #define HAVE_CLOGF 1
    #define HAVE_CCOSF 1
    #define HAVE_CSINF 1
    #define HAVE_CPOWF 1
    #define HAVE_CREALL 1
    #define HAVE_CIMAGL 1
    #define HAVE_CABSL 1
    #define HAVE_CARGL 1
    #define HAVE_CEXPL 1
    #define HAVE_CSQRTL 1
    #define HAVE_CLOGL 1
    #define HAVE_CCOSL 1
    #define HAVE_CSINL 1
    #define HAVE_CPOWL 1
    #define HAVE_LDOUBLE_IEEE_QUAD_BE 1
    #ifndef __cplusplus
    /* #undef inline */
    #endif
    
    #ifndef _NPY_NPY_CONFIG_H_
    #error config.h should never be included directly, include npy_config.h instead
    #endif
    
    EOF
      adding 'build/src.linux-sparc64-2.7/numpy/core/include/numpy/config.h' to sources.
    Generating build/src.linux-sparc64-2.7/numpy/core/include/numpy/_numpyconfig.h
    C compiler: gcc -pthread -fno-strict-aliasing -DNDEBUG -g -fwrapv -O2 -Wall -Wstrict-prototypes -fPIC
    
    compile options: '-Inumpy/core/src/private -Inumpy/core/src -Inumpy/core -Inumpy/core/src/npymath -Inumpy/core/src/multiarray -Inumpy/core/src/umath -Inumpy/core/src/npysort -Inumpy/core/include -I/usr/include/python2.7 -c'
    gcc: _configtest.c
    _configtest.c:1:5: warning: conflicting types for built-in function 'exp' [enabled by default]
    gcc -pthread _configtest.o -o _configtest
    _configtest.o: In function `main':
    /home/buildslave/nd-bb-slave-sparc-wheezy/statsmodels-py2_x-wheezy-sparc/build/venv/build/numpy/_configtest.c:6: undefined reference to `exp'
    collect2: ld returned 1 exit status
    _configtest.o: In function `main':
    /home/buildslave/nd-bb-slave-sparc-wheezy/statsmodels-py2_x-wheezy-sparc/build/venv/build/numpy/_configtest.c:6: undefined reference to `exp'
    collect2: ld returned 1 exit status
    failure.
    removing: _configtest.c _configtest.o
    C compiler: gcc -pthread -fno-strict-aliasing -DNDEBUG -g -fwrapv -O2 -Wall -Wstrict-prototypes -fPIC
    
    compile options: '-Inumpy/core/src/private -Inumpy/core/src -Inumpy/core -Inumpy/core/src/npymath -Inumpy/core/src/multiarray -Inumpy/core/src/umath -Inumpy/core/src/npysort -Inumpy/core/include -I/usr/include/python2.7 -c'
    gcc: _configtest.c
    _configtest.c:1:5: warning: conflicting types for built-in function 'exp' [enabled by default]
    gcc -pthread _configtest.o -lm -o _configtest
    success!
    removing: _configtest.c _configtest.o _configtest
    C compiler: gcc -pthread -fno-strict-aliasing -DNDEBUG -g -fwrapv -O2 -Wall -Wstrict-prototypes -fPIC
    
    compile options: '-Inumpy/core/src/private -Inumpy/core/src -Inumpy/core -Inumpy/core/src/npymath -Inumpy/core/src/multiarray -Inumpy/core/src/umath -Inumpy/core/src/npysort -Inumpy/core/include -I/usr/include/python2.7 -c'
    gcc: _configtest.c
    _configtest.c:4:5: warning: function declaration isn't a prototype [-Wstrict-prototypes]
    success!
    removing: _configtest.c _configtest.o
    C compiler: gcc -pthread -fno-strict-aliasing -DNDEBUG -g -fwrapv -O2 -Wall -Wstrict-prototypes -fPIC
    
    compile options: '-Inumpy/core/src/private -Inumpy/core/src -Inumpy/core -Inumpy/core/src/npymath -Inumpy/core/src/multiarray -Inumpy/core/src/umath -Inumpy/core/src/npysort -Inumpy/core/include -I/usr/include/python2.7 -c'
    gcc: _configtest.c
    _configtest.c:3:1: warning: function declaration isn't a prototype [-Wstrict-prototypes]
    _configtest.c: In function 'main':
    _configtest.c:5:18: warning: extra tokens at end of #ifndef directive [enabled by default]
    _configtest.c:8:1: warning: control reaches end of non-void function [-Wreturn-type]
    success!
    removing: _configtest.c _configtest.o
    File: build/src.linux-sparc64-2.7/numpy/core/include/numpy/_numpyconfig.h
    #define NPY_HAVE_ENDIAN_H 1
    #define NPY_SIZEOF_SHORT SIZEOF_SHORT
    #define NPY_SIZEOF_INT SIZEOF_INT
    #define NPY_SIZEOF_LONG SIZEOF_LONG
    #define NPY_SIZEOF_FLOAT 4
    #define NPY_SIZEOF_COMPLEX_FLOAT 8
    #define NPY_SIZEOF_DOUBLE 8
    #define NPY_SIZEOF_COMPLEX_DOUBLE 16
    #define NPY_SIZEOF_LONGDOUBLE 16
    #define NPY_SIZEOF_COMPLEX_LONGDOUBLE 32
    #define NPY_SIZEOF_PY_INTPTR_T 4
    #define NPY_SIZEOF_PY_LONG_LONG 8
    #define NPY_SIZEOF_LONGLONG 8
    #define NPY_NO_SMP 0
    #define NPY_HAVE_DECL_ISNAN
    #define NPY_HAVE_DECL_ISINF
    #define NPY_HAVE_DECL_ISFINITE
    #define NPY_HAVE_DECL_SIGNBIT
    #define NPY_USE_C99_COMPLEX 1
    #define NPY_HAVE_COMPLEX_DOUBLE 1
    #define NPY_HAVE_COMPLEX_FLOAT 1
    #define NPY_HAVE_COMPLEX_LONG_DOUBLE 1
    #define NPY_USE_C99_FORMATS 1
    #define NPY_VISIBILITY_HIDDEN __attribute__((visibility("hidden")))
    #define NPY_ABI_VERSION 0x01000009
    #define NPY_API_VERSION 0x00000007
    
    #ifndef __STDC_FORMAT_MACROS
    #define __STDC_FORMAT_MACROS 1
    #endif
    
    EOF
      adding 'build/src.linux-sparc64-2.7/numpy/core/include/numpy/_numpyconfig.h' to sources.
    executing numpy/core/code_generators/generate_numpy_api.py
      adding 'build/src.linux-sparc64-2.7/numpy/core/include/numpy/__multiarray_api.h' to sources.
    numpy.core - nothing done with h_files = ['build/src.linux-sparc64-2.7/numpy/core/include/numpy/config.h', 'build/src.linux-sparc64-2.7/numpy/core/include/numpy/_numpyconfig.h', 'build/src.linux-sparc64-2.7/numpy/core/include/numpy/__multiarray_api.h']
    building extension "numpy.core.multiarray" sources
    non-existing path in 'numpy/core': 'build/src.linux-sparc64-2.7/numpy/core/src/multiarray'
    conv_template:> build/src.linux-sparc64-2.7/numpy/core/src/multiarray/scalartypes.c
    conv_template:> build/src.linux-sparc64-2.7/numpy/core/src/multiarray/arraytypes.c
    conv_template:> build/src.linux-sparc64-2.7/numpy/core/src/multiarray/nditer_templ.c
    conv_template:> build/src.linux-sparc64-2.7/numpy/core/src/multiarray/lowlevel_strided_loops.c
    conv_template:> build/src.linux-sparc64-2.7/numpy/core/src/multiarray/einsum.c
      adding 'build/src.linux-sparc64-2.7/numpy/core/include/numpy/config.h' to sources.
      adding 'build/src.linux-sparc64-2.7/numpy/core/include/numpy/_numpyconfig.h' to sources.
    executing numpy/core/code_generators/generate_numpy_api.py
      adding 'build/src.linux-sparc64-2.7/numpy/core/include/numpy/__multiarray_api.h' to sources.
    numpy.core - nothing done with h_files = ['build/src.linux-sparc64-2.7/numpy/core/include/numpy/config.h', 'build/src.linux-sparc64-2.7/numpy/core/include/numpy/_numpyconfig.h', 'build/src.linux-sparc64-2.7/numpy/core/include/numpy/__multiarray_api.h']
    building extension "numpy.core.umath" sources
    non-existing path in 'numpy/core': 'build/src.linux-sparc64-2.7/numpy/core/src/umath'
    conv_template:> build/src.linux-sparc64-2.7/numpy/core/src/umath/loops.c
      adding 'build/src.linux-sparc64-2.7/numpy/core/include/numpy/config.h' to sources.
      adding 'build/src.linux-sparc64-2.7/numpy/core/include/numpy/_numpyconfig.h' to sources.
    executing numpy/core/code_generators/generate_ufunc_api.py
      adding 'build/src.linux-sparc64-2.7/numpy/core/include/numpy/__ufunc_api.h' to sources.
    conv_template:> build/src.linux-sparc64-2.7/numpy/core/src/umath/funcs.inc
      adding 'build/src.linux-sparc64-2.7/numpy/core/src/umath' to include_dirs.
    numpy.core - nothing done with h_files = ['build/src.linux-sparc64-2.7/numpy/core/src/umath/funcs.inc', 'build/src.linux-sparc64-2.7/numpy/core/include/numpy/config.h', 'build/src.linux-sparc64-2.7/numpy/core/include/numpy/_numpyconfig.h', 'build/src.linux-sparc64-2.7/numpy/core/include/numpy/__ufunc_api.h']
    building extension "numpy.core.scalarmath" sources
      adding 'build/src.linux-sparc64-2.7/numpy/core/include/numpy/config.h' to sources.
      adding 'build/src.linux-sparc64-2.7/numpy/core/include/numpy/_numpyconfig.h' to sources.
    executing numpy/core/code_generators/generate_numpy_api.py
      adding 'build/src.linux-sparc64-2.7/numpy/core/include/numpy/__multiarray_api.h' to sources.
    executing numpy/core/code_generators/generate_ufunc_api.py
      adding 'build/src.linux-sparc64-2.7/numpy/core/include/numpy/__ufunc_api.h' to sources.
    conv_template:> build/src.linux-sparc64-2.7/numpy/core/src/scalarmathmodule.c
    numpy.core - nothing done with h_files = ['build/src.linux-sparc64-2.7/numpy/core/include/numpy/config.h', 'build/src.linux-sparc64-2.7/numpy/core/include/numpy/_numpyconfig.h', 'build/src.linux-sparc64-2.7/numpy/core/include/numpy/__multiarray_api.h', 'build/src.linux-sparc64-2.7/numpy/core/include/numpy/__ufunc_api.h']
    building extension "numpy.core._dotblas" sources
    building extension "numpy.core.umath_tests" sources
    conv_template:> build/src.linux-sparc64-2.7/numpy/core/src/umath/umath_tests.c
    building extension "numpy.core.multiarray_tests" sources
    conv_template:> build/src.linux-sparc64-2.7/numpy/core/src/multiarray/multiarray_test,6385:0s.c
    building extension "numpy.lib._compiled_base" sources
    building extension "numpy.numarray._capi" sources
    building extension "numpy.fft.fftpack_lite" sources
    building extension "numpy.linalg.lapack_lite" sources
      adding 'numpy/linalg/lapack_litemodule.c' to sources.
      adding 'numpy/linalg/python_xerbla.c' to sources.
    building extension "numpy.random.mtrand" sources
    C compiler: gcc -pthread -fno-strict-aliasing -DNDEBUG -g -fwrapv -O2 -Wall -Wstrict-prototypes -fPIC
    
    compile options: '-Inumpy/core/src/private -Inumpy/core/src -Inumpy/core -Inumpy/core/src/npymath -Inumpy/core/src/multiarray -Inumpy/core/src/umath -Inumpy/core/src/npysort -Inumpy/core/include -I/usr/include/python2.7 -c'
    gcc: _configtest.c
    gcc -pthread _configtest.o -o _configtest
    _configtest
    failure.
    removing: _configtest.c _configtest.o _configtest
    building data_files sources
    build_src: building npy-pkg config files
    
Installing collected packages: patsy, numpy
  Found existing installation: patsy 0.2.1
    Not uninstalling patsy at /usr/lib/python2.7/dist-packages, outside environment /home/buildslave/nd-bb-slave-sparc-wheezy/statsmodels-py2_x-wheezy-sparc/build/venv
  Running setup.py install for patsy
    
    no previously-included directories found matching 'doc/_build'
  Found existing installation: numpy 1.6.2
    Not uninstalling numpy at /usr/lib/pymodules/python2.7, outside environment /home/buildslave/nd-bb-slave-sparc-wheezy/statsmodels-py2_x-wheezy-sparc/build/venv
  Running setup.py install for numpy
    Running from numpy source directory.
    /bin/sh: 1: svnversion: not found
    non-existing path in 'numpy/distutils': 'site.cfg'
    F2PY Version 2
    blas_opt_info:
    blas_mkl_info:
      libraries mkl,vml,guide not found in ['/home/buildslave/nd-bb-slave-sparc-wheezy/statsmodels-py2_x-wheezy-sparc/build/venv/lib', '/usr/local/lib', '/usr/lib', '/usr/lib/sparc-linux-gnu']
      NOT AVAILABLE
    
    atlas_blas_threads_info:
    Setting PTATLAS=ATLAS
      libraries ptf77blas,ptcblas,atlas not found in ['/home/buildslave/nd-bb-slave-sparc-wheezy/statsmodels-py2_x-wheezy-sparc/build/venv/lib', '/usr/local/lib', '/usr/lib/atlas-base', '/usr/lib', '/usr/lib/sparc-linux-gnu']
      NOT AVAILABLE
    
    atlas_blas_info:
      libraries f77blas,cblas,atlas not found in ['/home/buildslave/nd-bb-slave-sparc-wheezy/statsmodels-py2_x-wheezy-sparc/build/venv/lib', '/usr/local/lib', '/usr/lib/atlas-base', '/usr/lib', '/usr/lib/sparc-linux-gnu']
      NOT AVAILABLE
    
    /home/buildslave/nd-bb-slave-sparc-wheezy/statsmodels-py2_x-wheezy-sparc/build/venv/build/numpy/numpy/distutils/system_info.py:1494: UserWarning:
        Atlas (http://math-atlas.sourceforge.net/) libraries not found.
        Directories to search for the libraries can be specified in the
        numpy/distutils/site.cfg file (section [atlas]) or by setting
        the ATLAS environment variable.
      warnings.warn(AtlasNotFoundError.__doc__)
    blas_info:
      FOUND:
        libraries = ['blas']
        library_dirs = ['/usr/lib']
        language = f77
    
      FOUND:
        libraries = ['blas']
        library_dirs = ['/usr/lib']
        define_macros = [('NO_ATLAS_INFO', 1)]
        language = f77
    
    /bin/sh: 1: svnversion: not found
    lapack_opt_info:
    lapack_mkl_info:
    mkl_info:
      libraries mkl,vml,guide not found in ['/home/buildslave/nd-bb-slave-sparc-wheezy/statsmodels-py2_x-wheezy-sparc/build/venv/lib', '/usr/local/lib', '/usr/lib', '/usr/lib/sparc-linux-gnu']
      NOT AVAILABLE
    
      NOT AVAILABLE
    
    atlas_threads_info:
    Setting PTATLAS=ATLAS
      libraries ptf77blas,ptcblas,atlas not found in /home/buildslave/nd-bb-slave-sparc-wheezy/statsmodels-py2_x-wheezy-sparc/build/venv/lib
      libraries lapack_atlas not found in /home/buildslave/nd-bb-slave-sparc-wheezy/statsmodels-py2_x-wheezy-sparc/build/venv/lib
      libraries ptf77blas,ptcblas,atlas not found in /usr/local/lib
      libraries lapack_atlas not found in /usr/local/lib
      libraries ptf77blas,ptcblas,atlas not found in /usr/lib/atlas-base
      libraries lapack_atlas not found in /usr/lib/atlas-base
      libraries ptf77blas,ptcblas,atlas not found in /usr/lib
      libraries lapack_atlas not found in /usr/lib
      libraries ptf77blas,ptcblas,atlas not found in /usr/lib/sparc-linux-gnu
      libraries lapack_atlas not found in /usr/lib/sparc-linux-gnu
    numpy.distutils.system_info.atlas_threads_info
      NOT AVAILABLE
    
    atlas_info:
      libraries f77blas,cblas,atlas not found in /home/buildslave/nd-bb-slave-sparc-wheezy/statsmodels-py2_x-wheezy-sparc/build/venv/lib
      libraries lapack_atlas not found in /home/buildslave/nd-bb-slave-sparc-wheezy/statsmodels-py2_x-wheezy-sparc/build/venv/lib
      libraries f77blas,cblas,atlas not found in /usr/local/lib
      libraries lapack_atlas not found in /usr/local/lib
      libraries f77blas,cblas,atlas not found in /usr/lib/atlas-base
      libraries lapack_atlas not found in /usr/lib/atlas-base
      libraries f77blas,cblas,atlas not found in /usr/lib
      libraries lapack_atlas not found in /usr/lib
      libraries f77blas,cblas,atlas not found in /usr/lib/sparc-linux-gnu
      libraries lapack_atlas not found in /usr/lib/sparc-linux-gnu
    numpy.distutils.system_info.atlas_info
      NOT AVAILABLE
    
    /home/buildslave/nd-bb-slave-sparc-wheezy/statsmodels-py2_x-wheezy-sparc/build/venv/build/numpy/numpy/distutils/system_info.py:1408: UserWarning:
        Atlas (http://math-atlas.sourceforge.net/) libraries not found.
        Directories to search for the libraries can be specified in the
        numpy/distutils/site.cfg file (section [atlas]) or by setting
        the ATLAS environment variable.
      warnings.warn(AtlasNotFoundError.__doc__)
    lapack_info:
      FOUND:
        libraries = ['lapack']
        library_dirs = ['/usr/lib']
        language = f77
    
      FOUND:
        libraries = ['lapack', 'blas']
        library_dirs = ['/usr/lib']
        define_macros = [('NO_ATLAS_INFO', 1)]
        language = f77
    
    unifing config_cc, config, build_clib, build_ext, build commands --compiler options
    unifing config_fc, config, build_clib, build_ext, build commands --fcompiler options
    build_src
    building py_modules sources
    building library "npyma,10001:0th" sources
    customize Gnu95FCompiler
    Found executable /usr/bin/gfortran
    customize Gnu95FCompiler
    customize Gnu95FCompiler using config
    C compiler: gcc -pthread -fno-strict-aliasing -DNDEBUG -g -fwrapv -O2 -Wall -Wstrict-prototypes -fPIC
    
    compile options: '-Inumpy/core/src/private -Inumpy/core/src -Inumpy/core -Inumpy/core/src/npymath -Inumpy/core/src/multiarray -Inumpy/core/src/umath -Inumpy/core/src/npysort -Inumpy/core/include -I/usr/include/python2.7 -c'
    gcc: _configtest.c
    gcc -pthread _configtest.o -o _configtest
    success!
    removing: _configtest.c _configtest.o _configtest
    C compiler: gcc -pthread -fno-strict-aliasing -DNDEBUG -g -fwrapv -O2 -Wall -Wstrict-prototypes -fPIC
    
    compile options: '-Inumpy/core/src/private -Inumpy/core/src -Inumpy/core -Inumpy/core/src/npymath -Inumpy/core/src/multiarray -Inumpy/core/src/umath -Inumpy/core/src/npysort -Inumpy/core/include -I/usr/include/python2.7 -c'
    gcc: _configtest.c
    _configtest.c:1:5: warning: conflicting types for built-in function 'exp' [enabled by default]
    gcc -pthread _configtest.o -o _configtest
    _configtest.o: In function `main':
    /home/buildslave/nd-bb-slave-sparc-wheezy/statsmodels-py2_x-wheezy-sparc/build/venv/build/numpy/_configtest.c:6: undefined reference to `exp'
    collect2: ld returned 1 exit status
    _configtest.o: In function `main':
    /home/buildslave/nd-bb-slave-sparc-wheezy/statsmodels-py2_x-wheezy-sparc/build/venv/build/numpy/_configtest.c:6: undefined reference to `exp'
    collect2: ld returned 1 exit status
    failure.
    removing: _configtest.c _configtest.o
    C compiler: gcc -pthread -fno-strict-aliasing -DNDEBUG -g -fwrapv -O2 -Wall -Wstrict-prototypes -fPIC
    
    compile options: '-Inumpy/core/src/private -Inumpy/core/src -Inumpy/core -Inumpy/core/src/npymath -Inumpy/core/src/multiarray -Inumpy/core/src/umath -Inumpy/core/src/npysort -Inumpy/core/include -I/usr/include/python2.7 -c'
    gcc: _configtest.c
    _configtest.c:1:5: warning: conflicting types for built-in function 'exp' [enabled by default]
    gcc -pthread _configtest.o -lm -o _configtest
    success!
    removing: _configtest.c _configtest.o _configtest
    building library "npysort" sources
    building extension "numpy.core._dummy" sources
      adding 'build/src.linux-sparc64-2.7/numpy/core/include/numpy/config.h' to sources.
      adding 'build/src.linux-sparc64-2.7/numpy/core/include/numpy/_numpyconfig.h' to sources.
    executing numpy/core/code_generators/generate_numpy_api.py
      adding 'build/src.linux-sparc64-2.7/numpy/core/include/numpy/__multiarray_api.h' to sources.
    numpy.core - nothing done with h_files = ['build/src.linux-sparc64-2.7/numpy/core/include/numpy/config.h', 'build/src.linux-sparc64-2.7/numpy/core/include/numpy/_numpyconfig.h', 'build/src.linux-sparc64-2.7/numpy/core/include/numpy/__multiarray_api.h']
    building extension "numpy.core.multiarray" sources
      adding 'build/src.linux-sparc64-2.7/numpy/core/include/numpy/config.h' to sources.
      adding 'build/src.linux-sparc64-2.7/numpy/core/include/numpy/_numpyconfig.h' to sources.
    executing numpy/core/code_generators/generate_numpy_api.py
      adding 'build/src.linux-sparc64-2.7/numpy/core/include/numpy/__multiarray_api.h' to sources.
    numpy.core - nothing done with h_files = ['build/src.linux-sparc64-2.7/numpy/core/include/numpy/config.h', 'build/src.linux-sparc64-2.7/numpy/core/include/numpy/_numpyconfig.h', 'build/src.linux-sparc64-2.7/numpy/core/include/numpy/__multiarray_api.h']
    building extension "numpy.core.umath" sources
      adding 'build/src.linux-sparc64-2.7/numpy/core/include/numpy/config.h' to sources.
      adding 'build/src.linux-sparc64-2.7/numpy/core/include/numpy/_numpyconfig.h' to sources.
    executing numpy/core/code_generators/generate_ufunc_api.py
      adding 'build/src.linux-sparc64-2.7/numpy/core/include/numpy/__ufunc_api.h' to sources.
      adding 'build/src.linux-sparc64-2.7/numpy/core/src/umath' to include_dirs.
    numpy.core - nothing done with h_files = ['build/src.linux-sparc64-2.7/numpy/core/src/umath/funcs.inc', 'build/src.linux-sparc64-2.7/numpy/core/include/numpy/config.h', 'build/src.linux-sparc64-2.7/numpy/core/include/numpy/_numpyconfig.h', 'build/src.linux-sparc64-2.7/numpy/core/include/numpy/__ufunc_api.h']
    building extension "numpy.core.scalarmath" sources
      adding 'build/src.linux-sparc64-2.7/numpy/core/include/numpy/config.h' to sources.
      adding 'build/src.linux-sparc64-2.7/numpy/core/include/numpy/_numpyconfig.h' to sources.
    executing numpy/core/code_generators/generate_numpy_api.py
      adding 'build/src.linux-sparc64-2.7/numpy/core/include/numpy/__multiarray_api.h' to sources.
    executing numpy/core/code_generators/generate_ufunc_api.py
      adding 'build/src.linux-sparc64-2.7/numpy/core/include/numpy/__ufunc_api.h' to sources.
    numpy.core - nothing done with h_files = ['build/src.linux-sparc64-2.7/numpy/core/include/numpy/config.h', 'build/src.linux-sparc64-2.7/numpy/core/include/numpy/_numpyconfig.h', 'build/src.linux-sparc64-2.7/numpy/core/include/numpy/__multiarray_api.h', 'build/src.linux-sparc64-2.7/numpy/core/include/numpy/__ufunc_api.h']
    building extension "numpy.core._dotblas" sources
    building extension "numpy.core.umath_tests" sources
    building extension "numpy.core.multiarray_tests" sources
    building extension "numpy.lib._compiled_base" sources
    building extension "numpy.numarray._capi" sources
    building extension "numpy.fft.fftpack_lite" sources
    building extension "numpy.linalg.lapack_lite" sources
      adding 'numpy/linalg/lapack_litemodule.c' to sources.
      adding 'numpy/linalg/python_xerbla.c' to sources.
    building extension "numpy.random.mtrand" sources
    C compiler: gcc -pthread -fno-strict-aliasing -DNDEBUG -g -fwrapv -O2 -Wall -Wstrict-prototypes -fPIC
    
    compile options: '-Inumpy/core/src/private -Inumpy/core/src -Inumpy/core -Inumpy/core/src/npymath -Inumpy/core/src/multiarray -Inumpy/core/src/umath -Inumpy/core/src/npysort -Inumpy/core/include -I/usr/include/python2.7 -c'
    gcc: _configtest.c
    gcc -pthread _configtest.o -o _configtest
    _configtest
    failure.
    removing: _configtest.c _configtest.o _configtest
    building data_files sources
    build_src: building npy-pkg config files
    customize UnixCCompiler
    customize UnixCCompiler using build_clib
    building 'npymath' library
    compiling C sources
    C compiler: gcc -pthread -fno-strict-aliasing -DNDEBUG -g -fwrapv -O2 -Wall -Wstrict-prototypes -fPIC
    
    compile options: '-Inumpy/core/include -Ibuild/src.linux-sparc64-2.7/numpy/core/include/numpy -Inumpy/core/src/private -Inumpy/core/src -Inumpy/core -Inumpy/core/src/npymath -Inumpy/core/src/multiarray -Inumpy/core/src/umath -Inumpy/core/src/npysort -Inumpy/core/include -I/usr/include/python2.7 -Ibuild/src.linux-sparc64-2.7/numpy/core/src/multiarray -Ibuild/src.linux-sparc64-2.7/numpy/core/src/umath -c'
    gcc: numpy/core/src/npymath/halffloat.c
    gcc: build/src.linux-sparc64-2.7/numpy/core/src/npymath/npy_math.c
    gcc: build/src.linux-sparc64-2.7/numpy/core/src/npymath/ieee754.c
    gcc: build/src.linux-sparc64-2.7/numpy/core/src/npymath/npy_math_complex.c
    ar: adding 4 object files to build/temp.linux-sparc64-2.7/libnpymath.a
    building 'npysort' library
    compiling C sources
    C compiler: gcc -pthread -fno-strict-aliasing -DNDEBUG -g -fwrapv -O2 -Wall -Wstrict-prototypes -fPIC
    
    compile options: '-Inumpy/core/include -Ibuild/src.linux-sparc64-2.7/numpy/core/include/numpy -Inumpy/core/src/private -Inumpy/core/src -Inumpy/core -Inumpy/core/src/npymath -Inumpy/core/src/multiarray -Inumpy/core/src/umath -Inumpy/core/src/npysort -Inumpy/core/include -I/usr/include/python2.7 -Ibuild/src.linux-sparc64-2.7/numpy/core/src/multiarray -Ibuild/src.linux-sparc64-2.7/numpy/core/src/umath -c'
    gcc: build/src.linux-sparc64-2.7/numpy/core/src/npysort/quicksort.c
    In file included from /usr/include/python2.7/Python.h:8:0,
                     from numpy/core/src/private/npy_sort.h:5,
                     from numpy/core/src/npysort/quicksort.c.src:32:
    /usr/include/python2.7/pyconfig.h:1161:0: warning: "_POSIX_C_SOURCE" redefined [enabled by default]
    /usr/include/features.h:214:0: note: this is the location of the previous definition
    gcc: build/src.linux-sparc64-2.7/numpy/core/src/npysort/mergesort.c
    In file included from /usr/include/python2.7/Python.h:8:0,
                     from numpy/core/src/private/npy_sort.h:5,
                     from numpy/core/src/npysort/mergesort.c.src:32:
    /usr/include/python2.7/pyconfig.h:1161:0: warning: "_POSIX_C_SOURCE" redefined [enabled by default]
    /usr/include/features.h:214:0: note: this is the location of the previous definition
    gcc: build/src.linux-sparc64-2.7/numpy/core/src/npysort/heapsort.c
    In file included from /usr/include/python2.7/Python.h:8:0,
                     from numpy/core/src/private/npy_sort.h:5,
                     from numpy/core/src/npysort/heapsort.c.src:32:
    /usr/include/python2.7/pyconfig.h:1161:0: warning: "_POSIX_C_SOURCE" redefined [enabled by default]
    /usr/include/features.h:214:0: note: this is the location of the previous definition
    ar: adding 3 object files to build/temp.linux-sparc64-2.7/libnpysort.a
    customize UnixCCompiler
    customize UnixCCompiler using build_ext
    customize Gnu95FCompiler
    customize Gnu95FCompiler
    customize Gnu95FCompiler using build_ext
    building 'numpy.core._dummy' extension
    compiling C sources
    C compiler: gcc -pthread -fno-strict-aliasing -DNDEBUG -g -fwrapv -O2 -Wall -Wstrict-prototypes -fPIC
    
    compile options: '-Inumpy/core/include -Ibuild/src.linux-sparc64-2.7/numpy/core/include/numpy -Inumpy/core/src/private -Inumpy/core/src -Inumpy/core -Inumpy/core/src/npymath -Inumpy/core/src/multiarray -Inumpy/core/src/umath -Inumpy/core/src/npysort -In,6385:0umpy/core/include -I/usr/include/python2.7 -Ibuild/src.linux-sparc64-2.7/numpy/core/src/multiarray -Ibuild/src.linux-sparc64-2.7/numpy/core/src/umath -c'
    gcc: numpy/core/src/dummymodule.c
    build/src.linux-sparc64-2.7/numpy/core/include/numpy/__multiarray_api.h:1594:1: warning: '_import_array' defined but not used [-Wunused-function]
    gcc -pthread -shared -Wl,-O1 -Wl,-Bsymbolic-functions -Wl,-z,relro build/temp.linux-sparc64-2.7/numpy/core/src/dummymodule.o -Lbuild/temp.linux-sparc64-2.7 -lm -o build/lib.linux-sparc64-2.7/numpy/core/_dummy.so
    building 'numpy.core.multiarray' extension
    compiling C sources
    C compiler: gcc -pthread -fno-strict-aliasing -DNDEBUG -g -fwrapv -O2 -Wall -Wstrict-prototypes -fPIC
    
    compile options: '-Inumpy/core/include -Ibuild/src.linux-sparc64-2.7/numpy/core/include/numpy -Inumpy/core/src/private -Inumpy/core/src -Inumpy/core -Inumpy/core/src/npymath -Inumpy/core/src/multiarray -Inumpy/core/src/umath -Inumpy/core/src/npysort -Inumpy/core/include -I/usr/include/python2.7 -Ibuild/src.linux-sparc64-2.7/numpy/core/src/multiarray -Ibuild/src.linux-sparc64-2.7/numpy/core/src/umath -c'
    gcc: numpy/core/src/multiarray/multiarraymodule_onefile.c
    In file included from numpy/core/src/multiarray/scalartypes.c.src:25:0,
                     from numpy/core/src/multiarray/multiarraymodule_onefile.c:10:
    numpy/core/src/multiarray/_datetime.h:13:1: warning: function declaration isn't a prototype [-Wstrict-prototypes]
    In file included from numpy/core/src/multiarray/multiarraymodule_onefile.c:26:0:
    numpy/core/src/multiarray/mapping.c: In function 'array_ass_sub':
    numpy/core/src/multiarray/mapping.c:1294:20: warning: assignment from incompatible pointer type [enabled by default]
    In file included from numpy/core/src/multiarray/multiarraymodule_onefile.c:41:0:
    numpy/core/src/multiarray/nditer_constr.c: In function 'npyiter_prepare_one_operand':
    numpy/core/src/multiarray/nditer_constr.c:1017:20: warning: unused variable 'tmp' [-Wunused-variable]
    In file included from numpy/core/src/multiarray/multiarraymodule_onefile.c:42:0:
    numpy/core/src/multiarray/nditer_api.c: In function 'npyiter_copy_from_buffers':
    numpy/core/src/multiarray/nditer_api.c:1837:12: warning: unused variable 'ptrs' [-Wunused-variable]
    numpy/core/src/multiarray/nditer_api.c:1833:17: warning: unused variable 'buffersize' [-Wunused-variable]
    In file included from numpy/core/src/multiarray/multiarraymodule_onefile.c:50:0:
    numpy/core/src/multiarray/array_assign_array.c: In function 'PyArray_AssignArray':
    numpy/core/src/multiarray/array_assign_array.c:384:1: warning: label 'finish' defined but not used [-Wunused-label]
    In file included from numpy/core/src/multiarray/multiarraymodule_onefile.c:57:0:
    numpy/core/src/multiarray/multiarraymodule.c: In function 'PyArray_ConcatenateArrays':
    numpy/core/src/multiarray/multiarraymodule.c:341:5: warning: suggest parentheses around comparison in operand of '&' [-Wparentheses]
    numpy/core/src/multiarray/multiarraymodule_onefile.c: At top level:
    numpy/core/src/multiarray/ucsnarrow.c:33:1: warning: 'PyUCS2Buffer_FromUCS4' defined but not used [-Wunused-function]
    numpy/core/src/multiarray/ucsnarrow.c:65:1: warning: 'PyUCS2Buffer_AsUCS4' defined but not used [-Wunused-function]
    numpy/core/src/multiarray/mapping.c:90:1: warning: '_array_ass_item' defined but not used [-Wunused-function]
    numpy/core/src/multiarray/convert.c:474:1: warning: 'PyArray_AssignOne' defined but not used [-Wunused-function]
    In file included from numpy/core/src/multiarray/multiarraymodule_onefile.c:34:0:
    numpy/core/src/multiarray/item_selection.c: In function 'PyArray_Sort':
    numpy/core/src/multiarray/item_selection.c:1114:5: warning: 'orign' may be used uninitialized in this function [-Wuninitialized]
    gcc -pthread -shared -Wl,-O1 -Wl,-Bsymbolic-functions -Wl,-z,relro build/temp.linux-sparc64-2.7/numpy/core/src/multiarray/multiarraymodule_onefile.o -Lbuild/temp.linux-sparc64-2.7 -lnpymath -lnpysort -lm -o build/lib.linux-sparc64-2.7/numpy/core/multiarray.so
    building 'numpy.core.umath' extension
    compiling C sources
    C compiler: gcc -pthread -fno-strict-aliasing -DNDEBUG -g -fwrapv -O2 -Wall -Wstrict-prototypes -fPIC
    
    compile options: '-Ibuild/src.linux-sparc64-2.7/numpy/core/src/umath -Inumpy/core/include -Ibuild/src.linux-sparc64-2.7/numpy/core/include/numpy -Inumpy/core/src/private -Inumpy/core/src -Inumpy/core -Inumpy/core/src/npymath -Inumpy/core/src/multiarray -Inumpy/core/src/umath -Inumpy/core/src/npysort -Inumpy/core/include -I/usr/include/python2.7 -Ibuild/src.linux-sparc64-2.7/numpy/core/src/multiarray -Ibuild/src.linux-sparc64-2.7/numpy/core/src/umath -c'
    gcc: numpy/core/src/umath/umathmodule_onefile.c
    In file included from numpy/core/src/umath/umathmodule_onefile.c:3:0:
    numpy/core/src/umath/ufunc_object.c: In function 'get_ufunc_arguments':
    numpy/core/src/umath/ufunc_object.c:717:37: warning: unused variable 'nout' [-Wunused-variable]
    numpy/core/src/umath/umathmodule_onefile.c: At top level:
    numpy/core/src/umath/loops.c.src:1554:1: warning: 'FLOAT_ldexp_long' defined but not used [-Wunused-function]
    numpy/core/src/umath/loops.c.src:1554:1: warning: 'DOUBLE_ldexp_long' defined but not used [-Wunused-function]
    numpy/core/src/umath/loops.c.src:1554:1: warning: 'LONGDOUBLE_ldexp_long' defined but not used [-Wunused-function]
    numpy/core/src/umath/loops.c.src:1862:1: warning: 'HALF_ldexp_long' defined but not used [-Wunused-function]
    numpy/core/src/private/lowlevel_strided_loops.h:82:1: warning: 'PyArray_GetStridedCopyFn' declared 'static' but never defined [-Wunused-function]
    numpy/core/src/private/lowlevel_strided_loops.h:97:1: warning: 'PyArray_GetStridedCopySwapFn' declared 'static' but never defined [-Wunused-function]
    numpy/core/src/private/lowlevel_strided_loops.h:112:1: warning: 'PyArray_GetStridedCopySwapPairFn' declared 'static' but never defined [-Wunused-function]
    numpy/core/src/private/lowlevel_strided_loops.h:127:1: warning: 'PyArray_GetStridedZeroPadCopyFn' declared 'static' but never defined [-Wunused-function]
    numpy/core/src/private/lowlevel_strided_loops.h:140:1: warning: 'PyArray_GetStridedNumericCastFn' declared 'static' but never defined [-Wunused-function]
  ,10001:0  numpy/core/src/private/lowlevel_strided_loops.h:151:1: warning: 'PyArray_GetDTypeCopySwapFn' declared 'static' but never defined [-Wunused-function]
    numpy/core/src/private/lowlevel_strided_loops.h:203:1: warning: 'PyArray_GetDTypeTransferFunction' declared 'static' but never defined [-Wunused-function]
    numpy/core/src/private/lowlevel_strided_loops.h:227:1: warning: 'PyArray_GetMaskedDTypeTransferFunction' declared 'static' but never defined [-Wunused-function]
    numpy/core/src/private/lowlevel_strided_loops.h:247:1: warning: 'PyArray_CastRawArrays' declared 'static' but never defined [-Wunused-function]
    numpy/core/src/private/lowlevel_strided_loops.h:296:1: warning: 'PyArray_TransferNDimToStrided' declared 'static' but never defined [-Wunused-function]
    numpy/core/src/private/lowlevel_strided_loops.h:306:1: warning: 'PyArray_TransferStridedToNDim' declared 'static' but never defined [-Wunused-function]
    numpy/core/src/private/lowlevel_strided_loops.h:316:1: warning: 'PyArray_TransferMaskedStridedToNDim' declared 'static' but never defined [-Wunused-function]
    numpy/core/src/private/lowlevel_strided_loops.h:343:1: warning: 'PyArray_PrepareOneRawArrayIter' declared 'static' but never defined [-Wunused-function]
    numpy/core/src/private/lowlevel_strided_loops.h:365:1: warning: 'PyArray_PrepareTwoRawArrayIter' declared 'static' but never defined [-Wunused-function]
    numpy/core/src/private/lowlevel_strided_loops.h:389:1: warning: 'PyArray_PrepareThreeRawArrayIter' declared 'static' but never defined [-Wunused-function]
    gcc -pthread -shared -Wl,-O1 -Wl,-Bsymbolic-functions -Wl,-z,relro build/temp.linux-sparc64-2.7/numpy/core/src/umath/umathmodule_onefile.o -Lbuild/temp.linux-sparc64-2.7 -lnpymath -lm -o build/lib.linux-sparc64-2.7/numpy/core/umath.so
    building 'numpy.core.scalarmath' extension
    compiling C sources
    C compiler: gcc -pthread -fno-strict-aliasing -DNDEBUG -g -fwrapv -O2 -Wall -Wstrict-prototypes -fPIC
    
    compile options: '-Inumpy/core/include -Ibuild/src.linux-sparc64-2.7/numpy/core/include/numpy -Inumpy/core/src/private -Inumpy/core/src -Inumpy/core -Inumpy/core/src/npymath -Inumpy/core/src/multiarray -Inumpy/core/src/umath -Inumpy/core/src/npysort -Inumpy/core/include -I/usr/include/python2.7 -Ibuild/src.linux-sparc64-2.7/numpy/core/src/multiarray -Ibuild/src.linux-sparc64-2.7/numpy/core/src/umath -c'
    gcc: build/src.linux-sparc64-2.7/numpy/core/src/scalarmathmodule.c
    numpy/core/src/scalarmathmodule.c.src:1384:1: warning: function declaration isn't a prototype [-Wstrict-prototypes]
    gcc -pthread -shared -Wl,-O1 -Wl,-Bsymbolic-functions -Wl,-z,relro build/temp.linux-sparc64-2.7/build/src.linux-sparc64-2.7/numpy/core/src/scalarmathmodule.o -Lbuild/temp.linux-sparc64-2.7 -lnpymath -lm -o build/lib.linux-sparc64-2.7/numpy/core/scalarmath.so
    building 'numpy.core.umath_tests' extension
    compiling C sources
    C compiler: gcc -pthread -fno-strict-aliasing -DNDEBUG -g -fwrapv -O2 -Wall -Wstrict-prototypes -fPIC
    
    compile options: '-Inumpy/core/include -Ibuild/src.linux-sparc64-2.7/numpy/core/include/numpy -Inumpy/core/src/private -Inumpy/core/src -Inumpy/core -Inumpy/core/src/npymath -Inumpy/core/src/multiarray -Inumpy/core/src/umath -Inumpy/core/src/npysort -Inumpy/core/include -I/usr/include/python2.7 -Ibuild/src.linux-sparc64-2.7/numpy/core/src/multiarray -Ibuild/src.linux-sparc64-2.7/numpy/core/src/umath -c'
    gcc: build/src.linux-sparc64-2.7/numpy/core/src/umath/umath_tests.c
    gcc -pthread -shared -Wl,-O1 -Wl,-Bsymbolic-functions -Wl,-z,relro build/temp.linux-sparc64-2.7/build/src.linux-sparc64-2.7/numpy/core/src/umath/umath_tests.o -Lbuild/temp.linux-sparc64-2.7 -o build/lib.linux-sparc64-2.7/numpy/core/umath_tests.so
    building 'numpy.core.multiarray_tests' extension
    compiling C sources
    C compiler: gcc -pthread -fno-strict-aliasing -DNDEBUG -g -fwrapv -O2 -Wall -Wstrict-prototypes -fPIC
    
    compile options: '-Inumpy/core/include -Ibuild/src.linux-sparc64-2.7/numpy/core/include/numpy -Inumpy/core/src/private -Inumpy/core/src -Inumpy/core -Inumpy/core/src/npymath -Inumpy/core/src/multiarray -Inumpy/core/src/umath -Inumpy/core/src/npysort -Inumpy/core/include -I/usr/include/python2.7 -Ibuild/src.linux-sparc64-2.7/numpy/core/src/multiarray -Ibuild/src.linux-sparc64-2.7/numpy/core/src/umath -c'
    gcc: build/src.linux-sparc64-2.7/numpy/core/src/multiarray/multiarray_tests.c
    gcc -pthread -shared -Wl,-O1 -Wl,-Bsymbolic-functions -Wl,-z,relro build/temp.linux-sparc64-2.7/build/src.linux-sparc64-2.7/numpy/core/src/multiarray/multiarray_tests.o -Lbuild/temp.linux-sparc64-2.7 -o build/lib.linux-sparc64-2.7/numpy/core/multiarray_tests.so
    building 'numpy.lib._compiled_base' extension
    compiling C sources
    C compiler: gcc -pthread -fno-strict-aliasing -DNDEBUG -g -fwrapv -O2 -Wall -Wstrict-prototypes -fPIC
    
    compile options: '-Inumpy/core/include -Ibuild/src.linux-sparc64-2.7/numpy/core/include/numpy -Inumpy/core/src/private -Inumpy/core/src -Inumpy/core -Inumpy/core/src/npymath -Inumpy/core/src/multiarray -Inumpy/core/src/umath -Inumpy/core/src/npysort -Inumpy/core/include -I/usr/include/python2.7 -Ibuild/src.linux-sparc64-2.7/numpy/core/src/multiarray -Ibuild/src.linux-sparc64-2.7/numpy/core/src/umath -c'
    gcc: numpy/lib/src/_compiled_base.c
    gcc -pthread -shared -Wl,-O1 -Wl,-Bsymbolic-functions -Wl,-z,relro build/temp.linux-sparc64-2.7/numpy/lib/src/_compiled_base.o -Lbuild/temp.linux-sparc64-2.7 -o build/lib.linux-sparc64-2.7/numpy/lib/_compiled_base.so
    building 'numpy.numarray._capi' extension
    compiling C sources
    C compiler: gcc -pthread -fno-strict-aliasing -DNDEBUG -g -fwrapv -O2 -Wall -Wstrict-prototypes -fPIC
    
    compile options: '-Inumpy/core/include -Ibuild/src.linux-sparc64-2.7/numpy/core/include/numpy -Inumpy/core/src/private -Inumpy/core/src -Inumpy/core -Inumpy/core/src/npymath -Inumpy/core/src/multiarray -Inumpy/core/src/umath -Inumpy/core/src/npysort -Inumpy/core/include -I/usr/include/python2.7 -Ibuild/src.linux-sparc64-2.7/numpy/core/src/multiarray -Ibuild/src.linux-sparc64-2.7/numpy/core/src/umath -c'
    gcc: numpy/numarray/_capi.c
    numpy/numarray/_capi.c: In function 'NA_OutputArray':
    numpy/numarray/_capi.c:1104:5: warning: passing argument 2 of '(int (*)(struct PyArrayObject *, struct PyArrayObject *))*(PyArray_API + 1148u)' from incompatible pointer type [enabled by default]
    numpy/numarray/_capi.c:1104:5: note: expected 'struct PyArrayObject *' but argument is of type 'struct PyObject *'
    gcc -pthread -shared -Wl,-O1 -Wl,-Bsymbolic-functions -Wl,-z,relro build/temp.linux-sparc64-2.7/numpy/numarray/_capi.o -Lbuild/temp.linux-sparc64-2.7 -o build/lib.linux-sparc64-2.7/numpy/numarray/_capi.so
    building 'numpy.fft.fftpack_lite' extension
    compiling C sources
    C compiler: gcc -pthread -fno-strict-aliasing -DNDEBUG -g -fwrapv -O2 -Wall -Wstrict-prototypes -fPIC
    
    compile options: '-Inumpy/core/include -Ibuild/src.linux-sparc64-2.7/numpy/core/include/numpy -Inumpy/core/src/private -Inumpy/core/src -Inumpy/core -Inumpy/core/src/npymath -Inumpy/core/src/multiarray -Inumpy/core/src/umath -Inumpy/core/src/npysort -Inumpy/core/include -I/usr/include/python2.7 -Ibuild/src.linux-sparc64-2.7/numpy/core/src/multiarray -Ibuild/src.linux-sparc64-2.7/numpy/core/src/umath -c'
    gcc: numpy/fft/fftpack_litemodule.c
    gcc: numpy/fft/fftpack.c
    gcc -pthread -shared -Wl,-O1 -Wl,-Bsymbolic-functions -Wl,-z,relro build/temp.linux-sparc64-2.7/numpy/fft/fftpack_litemodule.o build/temp.linux-sparc64-2.7/numpy/fft/fftpack.o -Lbuild/temp.linux-sparc64-2.7 -o build/lib.linux-sparc64-2.7/numpy/fft/fftpack_lite.so
    building 'numpy.linalg.lapack_lite' extension
    compiling C sources
    C compiler: gcc -pthread -fno-strict-aliasing -DNDEBUG -g -fwrapv -O2 -Wall -Wstrict-prototypes -fPIC
    
    compile options: '-DNO_ATLAS_INFO=1 -Inumpy/core/include -Ibuild/src.linux-sparc64-2.7/numpy/core/include/numpy -Inumpy/core/src/private -Inumpy/core/src -Inumpy/core -Inumpy/core/src/npymath -Inumpy/core/src/multiarray -Inumpy/core/src/umath -Inumpy/core/src/npysort -Inumpy/core/include -I/usr/include/python2.7 -Ibuild/src.linux-sparc64-2.7/numpy/core/src/multiarray -Ibuild/src.linux-sparc64-2.7/numpy/core/src/umath -c'
    gcc: numpy/linalg/python_xerbla.c
    gcc: numpy/linalg/lapack_litemodule.c
    /usr/bin/gfortran -Wall -Wall -shared build/temp.linux-sparc64-2.7/numpy/linalg/lapack_litemodule.o build/temp.linux-sparc64-2.7/numpy/linalg/python_xerbla.o -L/usr/lib -Lbuild/temp.linux-sparc64-2.7 -llapack -lblas -lgfortran -o build/lib.linux-sparc64-2.7/numpy/linalg/lapack_lite.so
    building 'numpy.random.mtrand' extension
    compiling C sources
    C compiler: gcc -pthread -fno-strict-aliasing -DNDEBUG -g -fwrapv -O2 -Wall -Wstrict-prototypes -fPIC
    
    compile options: '-Inumpy/core/include -Ibuild/src.linux-sparc64-2.7/numpy/core/include/numpy -Inumpy/core/src/private -Inumpy/core/src -Inumpy/core -Inumpy/core/src/npymath -Inumpy/core/src/multiarray -Inumpy/core/src/umath -Inumpy/core/src/npysort -Inumpy/core/include -I/usr/include/python2.7 -Ibuild/src.linux-sparc64-2.7/numpy/core/src/multiarray -Ibuild/src.linux-sparc64-2.7/numpy/core/src/umath -c'
    gcc: numpy/random/mtrand/mtrand.c
    gcc: numpy/random/mtrand/randomkit.c
    gcc: numpy/random/mtrand/distributions.c
    gcc: numpy/random/mtrand/initarray.c
    build/src.linux-sparc64-2.7/numpy/core/include/numpy/__multiarray_api.h:1594:1: warning: '_import_array' defined but not used [-Wunused-function]
    gcc -pthread -shared -Wl,-O1 -Wl,-Bsymbolic-functions -Wl,-z,relro build/temp.linux-sparc64-2.7/numpy/random/mtrand/mtrand.o build/temp.linux-sparc64-2.7/numpy/random/mtrand/randomkit.o build/temp.linux-sparc64-2.7/numpy/random/mtrand/initarray.o build/temp.linux-sparc64-2.7/numpy/random/mtrand/distributions.o -Lbuild/temp.linux-sparc64-2.7 -o build/lib.linux-sparc64-2.7/numpy/random/m,373:0trand.so
    Creating build/scripts.linux-sparc64-2.7/f2py
      adding 'build/scripts.linux-sparc64-2.7/f2py' to scripts
    changing mode of build/scripts.linux-sparc64-2.7/f2py from 600 to 755
    
    changing mode of /home/buildslave/nd-bb-slave-sparc-wheezy/statsmodels-py2_x-wheezy-sparc/build/venv/bin/f2py to 755
Successfully installed patsy numpy
Cleaning up...
,59:2program finished with exit code 0
elapsedTime=1050.833417
,